{"/Users/joakimstolen/Desktop/Exam_PGR6301/src/client/auctionItem.jsx": {"path":"/Users/joakimstolen/Desktop/Exam_PGR6301/src/client/auctionItem.jsx","statementMap":{"0":{"start":{"line":6,"column":8},"end":{"line":6,"column":21}},"1":{"start":{"line":9,"column":8},"end":{"line":16,"column":10}},"2":{"start":{"line":18,"column":8},"end":{"line":18,"column":54}},"3":{"start":{"line":21,"column":19},"end":{"line":39,"column":5}},"4":{"start":{"line":22,"column":8},"end":{"line":22,"column":31}},"5":{"start":{"line":24,"column":26},"end":{"line":32,"column":9}},"6":{"start":{"line":34,"column":8},"end":{"line":38,"column":9}},"7":{"start":{"line":35,"column":12},"end":{"line":35,"column":46}},"8":{"start":{"line":37,"column":12},"end":{"line":37,"column":51}},"9":{"start":{"line":42,"column":19},"end":{"line":44,"column":5}},"10":{"start":{"line":43,"column":8},"end":{"line":43,"column":49}},"11":{"start":{"line":46,"column":26},"end":{"line":48,"column":5}},"12":{"start":{"line":47,"column":8},"end":{"line":47,"column":56}},"13":{"start":{"line":50,"column":28},"end":{"line":52,"column":5}},"14":{"start":{"line":51,"column":8},"end":{"line":51,"column":58}},"15":{"start":{"line":54,"column":25},"end":{"line":56,"column":5}},"16":{"start":{"line":55,"column":8},"end":{"line":55,"column":55}},"17":{"start":{"line":62,"column":8},"end":{"line":105,"column":9}}},"fnMap":{"0":{"name":"(anonymous_0)","decl":{"start":{"line":5,"column":4},"end":{"line":5,"column":5}},"loc":{"start":{"line":5,"column":23},"end":{"line":19,"column":5}},"line":5},"1":{"name":"(anonymous_1)","decl":{"start":{"line":21,"column":19},"end":{"line":21,"column":20}},"loc":{"start":{"line":21,"column":36},"end":{"line":39,"column":5}},"line":21},"2":{"name":"(anonymous_2)","decl":{"start":{"line":42,"column":19},"end":{"line":42,"column":20}},"loc":{"start":{"line":42,"column":30},"end":{"line":44,"column":5}},"line":42},"3":{"name":"(anonymous_3)","decl":{"start":{"line":46,"column":26},"end":{"line":46,"column":27}},"loc":{"start":{"line":46,"column":37},"end":{"line":48,"column":5}},"line":46},"4":{"name":"(anonymous_4)","decl":{"start":{"line":50,"column":28},"end":{"line":50,"column":29}},"loc":{"start":{"line":50,"column":39},"end":{"line":52,"column":5}},"line":50},"5":{"name":"(anonymous_5)","decl":{"start":{"line":54,"column":25},"end":{"line":54,"column":26}},"loc":{"start":{"line":54,"column":36},"end":{"line":56,"column":5}},"line":54},"6":{"name":"(anonymous_6)","decl":{"start":{"line":60,"column":4},"end":{"line":60,"column":5}},"loc":{"start":{"line":60,"column":13},"end":{"line":106,"column":5}},"line":60}},"branchMap":{"0":{"loc":{"start":{"line":10,"column":18},"end":{"line":10,"column":56}},"type":"cond-expr","locations":[{"start":{"line":10,"column":36},"end":{"line":10,"column":51}},{"start":{"line":10,"column":54},"end":{"line":10,"column":56}}],"line":10},"1":{"loc":{"start":{"line":11,"column":25},"end":{"line":11,"column":77}},"type":"cond-expr","locations":[{"start":{"line":11,"column":50},"end":{"line":11,"column":72}},{"start":{"line":11,"column":75},"end":{"line":11,"column":77}}],"line":11},"2":{"loc":{"start":{"line":12,"column":27},"end":{"line":12,"column":83}},"type":"cond-expr","locations":[{"start":{"line":12,"column":54},"end":{"line":12,"column":78}},{"start":{"line":12,"column":81},"end":{"line":12,"column":83}}],"line":12},"3":{"loc":{"start":{"line":13,"column":24},"end":{"line":13,"column":74}},"type":"cond-expr","locations":[{"start":{"line":13,"column":48},"end":{"line":13,"column":69}},{"start":{"line":13,"column":72},"end":{"line":13,"column":74}}],"line":13},"4":{"loc":{"start":{"line":14,"column":20},"end":{"line":14,"column":72}},"type":"cond-expr","locations":[{"start":{"line":14,"column":45},"end":{"line":14,"column":67}},{"start":{"line":14,"column":70},"end":{"line":14,"column":72}}],"line":14},"5":{"loc":{"start":{"line":15,"column":23},"end":{"line":15,"column":71}},"type":"cond-expr","locations":[{"start":{"line":15,"column":46},"end":{"line":15,"column":66}},{"start":{"line":15,"column":69},"end":{"line":15,"column":71}}],"line":15},"6":{"loc":{"start":{"line":18,"column":18},"end":{"line":18,"column":54}},"type":"cond-expr","locations":[{"start":{"line":18,"column":34},"end":{"line":18,"column":47}},{"start":{"line":18,"column":50},"end":{"line":18,"column":54}}],"line":18},"7":{"loc":{"start":{"line":34,"column":8},"end":{"line":38,"column":9}},"type":"if","locations":[{"start":{"line":34,"column":8},"end":{"line":38,"column":9}},{"start":{"line":34,"column":8},"end":{"line":38,"column":9}}],"line":34}},"s":{"0":0,"1":0,"2":0,"3":0,"4":0,"5":0,"6":0,"7":0,"8":0,"9":0,"10":0,"11":0,"12":0,"13":0,"14":0,"15":0,"16":0,"17":0},"f":{"0":0,"1":0,"2":0,"3":0,"4":0,"5":0,"6":0},"b":{"0":[0,0],"1":[0,0],"2":[0,0],"3":[0,0],"4":[0,0],"5":[0,0],"6":[0,0],"7":[0,0]},"hash":"0818c75a3de1a3fb251faebdf3fbba4a57ae2b01"}
,"/Users/joakimstolen/Desktop/Exam_PGR6301/src/client/auctionItemBid.jsx": {"path":"/Users/joakimstolen/Desktop/Exam_PGR6301/src/client/auctionItemBid.jsx","statementMap":{"0":{"start":{"line":6,"column":8},"end":{"line":6,"column":21}},"1":{"start":{"line":8,"column":8},"end":{"line":15,"column":10}},"2":{"start":{"line":17,"column":8},"end":{"line":17,"column":54}},"3":{"start":{"line":22,"column":20},"end":{"line":47,"column":5}},"4":{"start":{"line":23,"column":8},"end":{"line":23,"column":31}},"5":{"start":{"line":25,"column":8},"end":{"line":44,"column":9}},"6":{"start":{"line":26,"column":30},"end":{"line":33,"column":13}},"7":{"start":{"line":36,"column":12},"end":{"line":36,"column":41}},"8":{"start":{"line":37,"column":12},"end":{"line":41,"column":13}},"9":{"start":{"line":38,"column":16},"end":{"line":38,"column":50}},"10":{"start":{"line":40,"column":16},"end":{"line":40,"column":46}},"11":{"start":{"line":43,"column":12},"end":{"line":43,"column":111}},"12":{"start":{"line":50,"column":25},"end":{"line":52,"column":5}},"13":{"start":{"line":51,"column":8},"end":{"line":51,"column":55}},"14":{"start":{"line":57,"column":8},"end":{"line":86,"column":9}}},"fnMap":{"0":{"name":"(anonymous_0)","decl":{"start":{"line":5,"column":4},"end":{"line":5,"column":5}},"loc":{"start":{"line":5,"column":23},"end":{"line":19,"column":5}},"line":5},"1":{"name":"(anonymous_1)","decl":{"start":{"line":22,"column":20},"end":{"line":22,"column":21}},"loc":{"start":{"line":22,"column":37},"end":{"line":47,"column":5}},"line":22},"2":{"name":"(anonymous_2)","decl":{"start":{"line":50,"column":25},"end":{"line":50,"column":26}},"loc":{"start":{"line":50,"column":36},"end":{"line":52,"column":5}},"line":50},"3":{"name":"(anonymous_3)","decl":{"start":{"line":55,"column":4},"end":{"line":55,"column":5}},"loc":{"start":{"line":55,"column":13},"end":{"line":87,"column":5}},"line":55}},"branchMap":{"0":{"loc":{"start":{"line":9,"column":18},"end":{"line":9,"column":56}},"type":"cond-expr","locations":[{"start":{"line":9,"column":36},"end":{"line":9,"column":51}},{"start":{"line":9,"column":54},"end":{"line":9,"column":56}}],"line":9},"1":{"loc":{"start":{"line":10,"column":25},"end":{"line":10,"column":77}},"type":"cond-expr","locations":[{"start":{"line":10,"column":50},"end":{"line":10,"column":72}},{"start":{"line":10,"column":75},"end":{"line":10,"column":77}}],"line":10},"2":{"loc":{"start":{"line":11,"column":27},"end":{"line":11,"column":83}},"type":"cond-expr","locations":[{"start":{"line":11,"column":54},"end":{"line":11,"column":78}},{"start":{"line":11,"column":81},"end":{"line":11,"column":83}}],"line":11},"3":{"loc":{"start":{"line":12,"column":24},"end":{"line":12,"column":74}},"type":"cond-expr","locations":[{"start":{"line":12,"column":48},"end":{"line":12,"column":69}},{"start":{"line":12,"column":72},"end":{"line":12,"column":74}}],"line":12},"4":{"loc":{"start":{"line":13,"column":23},"end":{"line":13,"column":73}},"type":"cond-expr","locations":[{"start":{"line":13,"column":46},"end":{"line":13,"column":66}},{"start":{"line":13,"column":69},"end":{"line":13,"column":73}}],"line":13},"5":{"loc":{"start":{"line":17,"column":18},"end":{"line":17,"column":54}},"type":"cond-expr","locations":[{"start":{"line":17,"column":34},"end":{"line":17,"column":47}},{"start":{"line":17,"column":50},"end":{"line":17,"column":54}}],"line":17},"6":{"loc":{"start":{"line":25,"column":8},"end":{"line":44,"column":9}},"type":"if","locations":[{"start":{"line":25,"column":8},"end":{"line":44,"column":9}},{"start":{"line":25,"column":8},"end":{"line":44,"column":9}}],"line":25},"7":{"loc":{"start":{"line":25,"column":12},"end":{"line":25,"column":109}},"type":"binary-expr","locations":[{"start":{"line":25,"column":12},"end":{"line":25,"column":57}},{"start":{"line":25,"column":61},"end":{"line":25,"column":109}}],"line":25},"8":{"loc":{"start":{"line":37,"column":12},"end":{"line":41,"column":13}},"type":"if","locations":[{"start":{"line":37,"column":12},"end":{"line":41,"column":13}},{"start":{"line":37,"column":12},"end":{"line":41,"column":13}}],"line":37}},"s":{"0":1,"1":1,"2":1,"3":1,"4":0,"5":0,"6":0,"7":0,"8":0,"9":0,"10":0,"11":0,"12":1,"13":0,"14":1},"f":{"0":1,"1":0,"2":0,"3":1},"b":{"0":[0,1],"1":[0,1],"2":[0,1],"3":[0,1],"4":[0,1],"5":[0,1],"6":[0,0],"7":[0,0],"8":[0,0]},"_coverageSchema":"43e27e138ebf9cfc5966b082cf9a028302ed4184","hash":"61803ce6c1de47682200034e44079a705283f0d7"}
,"/Users/joakimstolen/Desktop/Exam_PGR6301/src/client/bid.jsx": {"path":"/Users/joakimstolen/Desktop/Exam_PGR6301/src/client/bid.jsx","statementMap":{"0":{"start":{"line":8,"column":8},"end":{"line":8,"column":21}},"1":{"start":{"line":11,"column":8},"end":{"line":14,"column":10}},"2":{"start":{"line":16,"column":8},"end":{"line":16,"column":80}},"3":{"start":{"line":18,"column":8},"end":{"line":20,"column":9}},"4":{"start":{"line":19,"column":12},"end":{"line":19,"column":53}},"5":{"start":{"line":25,"column":8},"end":{"line":27,"column":9}},"6":{"start":{"line":26,"column":12},"end":{"line":26,"column":29}},"7":{"start":{"line":29,"column":8},"end":{"line":31,"column":9}},"8":{"start":{"line":30,"column":12},"end":{"line":30,"column":48}},"9":{"start":{"line":36,"column":20},"end":{"line":36,"column":47}},"10":{"start":{"line":41,"column":8},"end":{"line":50,"column":9}},"11":{"start":{"line":42,"column":12},"end":{"line":42,"column":40}},"12":{"start":{"line":43,"column":12},"end":{"line":43,"column":45}},"13":{"start":{"line":45,"column":12},"end":{"line":48,"column":15}},"14":{"start":{"line":49,"column":12},"end":{"line":49,"column":19}},"15":{"start":{"line":52,"column":8},"end":{"line":62,"column":9}},"16":{"start":{"line":53,"column":12},"end":{"line":56,"column":15}},"17":{"start":{"line":58,"column":12},"end":{"line":61,"column":14}},"18":{"start":{"line":67,"column":11},"end":{"line":87,"column":5}},"19":{"start":{"line":68,"column":20},"end":{"line":68,"column":38}},"20":{"start":{"line":70,"column":24},"end":{"line":70,"column":85}},"21":{"start":{"line":74,"column":8},"end":{"line":84,"column":9}},"22":{"start":{"line":75,"column":12},"end":{"line":81,"column":15}},"23":{"start":{"line":83,"column":12},"end":{"line":83,"column":25}},"24":{"start":{"line":86,"column":8},"end":{"line":86,"column":39}},"25":{"start":{"line":91,"column":21},"end":{"line":91,"column":36}},"26":{"start":{"line":92,"column":25},"end":{"line":92,"column":60}},"27":{"start":{"line":94,"column":8},"end":{"line":100,"column":9}},"28":{"start":{"line":95,"column":12},"end":{"line":99,"column":14}},"29":{"start":{"line":102,"column":8},"end":{"line":106,"column":9}},"30":{"start":{"line":103,"column":12},"end":{"line":105,"column":14}},"31":{"start":{"line":109,"column":8},"end":{"line":134,"column":10}}},"fnMap":{"0":{"name":"(anonymous_0)","decl":{"start":{"line":7,"column":4},"end":{"line":7,"column":5}},"loc":{"start":{"line":7,"column":23},"end":{"line":21,"column":5}},"line":7},"1":{"name":"(anonymous_1)","decl":{"start":{"line":24,"column":4},"end":{"line":24,"column":5}},"loc":{"start":{"line":24,"column":24},"end":{"line":32,"column":5}},"line":24},"2":{"name":"(anonymous_2)","decl":{"start":{"line":34,"column":4},"end":{"line":34,"column":5}},"loc":{"start":{"line":34,"column":21},"end":{"line":64,"column":5}},"line":34},"3":{"name":"(anonymous_3)","decl":{"start":{"line":67,"column":11},"end":{"line":67,"column":12}},"loc":{"start":{"line":67,"column":82},"end":{"line":87,"column":5}},"line":67},"4":{"name":"(anonymous_4)","decl":{"start":{"line":90,"column":4},"end":{"line":90,"column":5}},"loc":{"start":{"line":90,"column":13},"end":{"line":135,"column":5}},"line":90}},"branchMap":{"0":{"loc":{"start":{"line":18,"column":8},"end":{"line":20,"column":9}},"type":"if","locations":[{"start":{"line":18,"column":8},"end":{"line":20,"column":9}},{"start":{"line":18,"column":8},"end":{"line":20,"column":9}}],"line":18},"1":{"loc":{"start":{"line":25,"column":8},"end":{"line":27,"column":9}},"type":"if","locations":[{"start":{"line":25,"column":8},"end":{"line":27,"column":9}},{"start":{"line":25,"column":8},"end":{"line":27,"column":9}}],"line":25},"2":{"loc":{"start":{"line":29,"column":8},"end":{"line":31,"column":9}},"type":"if","locations":[{"start":{"line":29,"column":8},"end":{"line":31,"column":9}},{"start":{"line":29,"column":8},"end":{"line":31,"column":9}}],"line":29},"3":{"loc":{"start":{"line":52,"column":8},"end":{"line":62,"column":9}},"type":"if","locations":[{"start":{"line":52,"column":8},"end":{"line":62,"column":9}},{"start":{"line":52,"column":8},"end":{"line":62,"column":9}}],"line":52},"4":{"loc":{"start":{"line":92,"column":25},"end":{"line":92,"column":60}},"type":"binary-expr","locations":[{"start":{"line":92,"column":25},"end":{"line":92,"column":38}},{"start":{"line":92,"column":42},"end":{"line":92,"column":60}}],"line":92},"5":{"loc":{"start":{"line":94,"column":8},"end":{"line":100,"column":9}},"type":"if","locations":[{"start":{"line":94,"column":8},"end":{"line":100,"column":9}},{"start":{"line":94,"column":8},"end":{"line":100,"column":9}}],"line":94},"6":{"loc":{"start":{"line":102,"column":8},"end":{"line":106,"column":9}},"type":"if","locations":[{"start":{"line":102,"column":8},"end":{"line":106,"column":9}},{"start":{"line":102,"column":8},"end":{"line":106,"column":9}}],"line":102},"7":{"loc":{"start":{"line":111,"column":17},"end":{"line":130,"column":17}},"type":"cond-expr","locations":[{"start":{"line":112,"column":20},"end":{"line":124,"column":26}},{"start":{"line":126,"column":20},"end":{"line":129,"column":26}}],"line":111}},"s":{"0":0,"1":0,"2":0,"3":0,"4":0,"5":0,"6":0,"7":0,"8":0,"9":0,"10":0,"11":0,"12":0,"13":0,"14":0,"15":0,"16":0,"17":0,"18":0,"19":0,"20":0,"21":0,"22":0,"23":0,"24":0,"25":0,"26":0,"27":0,"28":0,"29":0,"30":0,"31":0},"f":{"0":0,"1":0,"2":0,"3":0,"4":0},"b":{"0":[0,0],"1":[0,0],"2":[0,0],"3":[0,0],"4":[0,0],"5":[0,0],"6":[0,0],"7":[0,0]},"hash":"9b81231ac230487720f57264441b97ecc1961828"}
,"/Users/joakimstolen/Desktop/Exam_PGR6301/src/client/create.jsx": {"path":"/Users/joakimstolen/Desktop/Exam_PGR6301/src/client/create.jsx","statementMap":{"0":{"start":{"line":11,"column":8},"end":{"line":11,"column":21}},"1":{"start":{"line":15,"column":8},"end":{"line":17,"column":9}},"2":{"start":{"line":16,"column":12},"end":{"line":16,"column":48}},"3":{"start":{"line":20,"column":11},"end":{"line":40,"column":5}},"4":{"start":{"line":21,"column":20},"end":{"line":21,"column":32}},"5":{"start":{"line":23,"column":24},"end":{"line":23,"column":89}},"6":{"start":{"line":27,"column":8},"end":{"line":37,"column":9}},"7":{"start":{"line":28,"column":12},"end":{"line":34,"column":15}},"8":{"start":{"line":36,"column":12},"end":{"line":36,"column":25}},"9":{"start":{"line":39,"column":8},"end":{"line":39,"column":39}},"10":{"start":{"line":45,"column":21},"end":{"line":45,"column":36}},"11":{"start":{"line":46,"column":25},"end":{"line":46,"column":60}},"12":{"start":{"line":48,"column":8},"end":{"line":73,"column":10}}},"fnMap":{"0":{"name":"(anonymous_0)","decl":{"start":{"line":10,"column":4},"end":{"line":10,"column":5}},"loc":{"start":{"line":10,"column":23},"end":{"line":12,"column":5}},"line":10},"1":{"name":"(anonymous_1)","decl":{"start":{"line":14,"column":4},"end":{"line":14,"column":5}},"loc":{"start":{"line":14,"column":23},"end":{"line":18,"column":5}},"line":14},"2":{"name":"(anonymous_2)","decl":{"start":{"line":20,"column":11},"end":{"line":20,"column":12}},"loc":{"start":{"line":20,"column":86},"end":{"line":40,"column":5}},"line":20},"3":{"name":"(anonymous_3)","decl":{"start":{"line":44,"column":4},"end":{"line":44,"column":5}},"loc":{"start":{"line":44,"column":13},"end":{"line":74,"column":5}},"line":44}},"branchMap":{"0":{"loc":{"start":{"line":15,"column":8},"end":{"line":17,"column":9}},"type":"if","locations":[{"start":{"line":15,"column":8},"end":{"line":17,"column":9}},{"start":{"line":15,"column":8},"end":{"line":17,"column":9}}],"line":15},"1":{"loc":{"start":{"line":46,"column":25},"end":{"line":46,"column":60}},"type":"binary-expr","locations":[{"start":{"line":46,"column":25},"end":{"line":46,"column":38}},{"start":{"line":46,"column":42},"end":{"line":46,"column":60}}],"line":46},"2":{"loc":{"start":{"line":50,"column":17},"end":{"line":70,"column":17}},"type":"cond-expr","locations":[{"start":{"line":51,"column":20},"end":{"line":64,"column":26}},{"start":{"line":66,"column":20},"end":{"line":69,"column":26}}],"line":50}},"s":{"0":0,"1":0,"2":0,"3":0,"4":0,"5":0,"6":0,"7":0,"8":0,"9":0,"10":0,"11":0,"12":0},"f":{"0":0,"1":0,"2":0,"3":0},"b":{"0":[0,0],"1":[0,0],"2":[0,0]},"hash":"18af4911dda24ca5e8a5f69d81fc134b9137acf3"}
,"/Users/joakimstolen/Desktop/Exam_PGR6301/src/client/headerbar.jsx": {"path":"/Users/joakimstolen/Desktop/Exam_PGR6301/src/client/headerbar.jsx","statementMap":{"0":{"start":{"line":7,"column":8},"end":{"line":7,"column":21}},"1":{"start":{"line":10,"column":15},"end":{"line":29,"column":5}},"2":{"start":{"line":11,"column":20},"end":{"line":11,"column":33}},"3":{"start":{"line":15,"column":8},"end":{"line":20,"column":9}},"4":{"start":{"line":16,"column":12},"end":{"line":16,"column":60}},"5":{"start":{"line":18,"column":12},"end":{"line":18,"column":57}},"6":{"start":{"line":19,"column":12},"end":{"line":19,"column":19}},"7":{"start":{"line":22,"column":8},"end":{"line":25,"column":9}},"8":{"start":{"line":23,"column":12},"end":{"line":23,"column":85}},"9":{"start":{"line":24,"column":12},"end":{"line":24,"column":19}},"10":{"start":{"line":27,"column":8},"end":{"line":27,"column":44}},"11":{"start":{"line":28,"column":8},"end":{"line":28,"column":37}},"12":{"start":{"line":32,"column":8},"end":{"line":42,"column":10}},"13":{"start":{"line":46,"column":8},"end":{"line":58,"column":10}},"14":{"start":{"line":62,"column":23},"end":{"line":62,"column":40}},"15":{"start":{"line":65,"column":8},"end":{"line":69,"column":9}},"16":{"start":{"line":66,"column":12},"end":{"line":66,"column":47}},"17":{"start":{"line":68,"column":12},"end":{"line":68,"column":50}},"18":{"start":{"line":71,"column":8},"end":{"line":78,"column":10}}},"fnMap":{"0":{"name":"(anonymous_0)","decl":{"start":{"line":6,"column":4},"end":{"line":6,"column":5}},"loc":{"start":{"line":6,"column":23},"end":{"line":8,"column":5}},"line":6},"1":{"name":"(anonymous_1)","decl":{"start":{"line":10,"column":15},"end":{"line":10,"column":16}},"loc":{"start":{"line":10,"column":27},"end":{"line":29,"column":5}},"line":10},"2":{"name":"(anonymous_2)","decl":{"start":{"line":31,"column":4},"end":{"line":31,"column":5}},"loc":{"start":{"line":31,"column":27},"end":{"line":43,"column":5}},"line":31},"3":{"name":"(anonymous_3)","decl":{"start":{"line":45,"column":4},"end":{"line":45,"column":5}},"loc":{"start":{"line":45,"column":24},"end":{"line":59,"column":5}},"line":45},"4":{"name":"(anonymous_4)","decl":{"start":{"line":61,"column":4},"end":{"line":61,"column":5}},"loc":{"start":{"line":61,"column":13},"end":{"line":79,"column":5}},"line":61}},"branchMap":{"0":{"loc":{"start":{"line":22,"column":8},"end":{"line":25,"column":9}},"type":"if","locations":[{"start":{"line":22,"column":8},"end":{"line":25,"column":9}},{"start":{"line":22,"column":8},"end":{"line":25,"column":9}}],"line":22},"1":{"loc":{"start":{"line":65,"column":8},"end":{"line":69,"column":9}},"type":"if","locations":[{"start":{"line":65,"column":8},"end":{"line":69,"column":9}},{"start":{"line":65,"column":8},"end":{"line":69,"column":9}}],"line":65}},"s":{"0":3,"1":3,"2":1,"3":1,"4":1,"5":0,"6":0,"7":1,"8":0,"9":0,"10":1,"11":1,"12":2,"13":1,"14":3,"15":3,"16":1,"17":2,"18":3},"f":{"0":3,"1":1,"2":2,"3":1,"4":3},"b":{"0":[0,1],"1":[1,2]},"_coverageSchema":"43e27e138ebf9cfc5966b082cf9a028302ed4184","hash":"971139246ee16a8582e075b9ad94ce25b0586a67"}
,"/Users/joakimstolen/Desktop/Exam_PGR6301/src/client/home.jsx": {"path":"/Users/joakimstolen/Desktop/Exam_PGR6301/src/client/home.jsx","statementMap":{"0":{"start":{"line":7,"column":8},"end":{"line":7,"column":21}},"1":{"start":{"line":9,"column":8},"end":{"line":11,"column":9}},"2":{"start":{"line":15,"column":8},"end":{"line":17,"column":9}},"3":{"start":{"line":16,"column":12},"end":{"line":16,"column":48}},"4":{"start":{"line":25,"column":21},"end":{"line":25,"column":36}},"5":{"start":{"line":27,"column":8},"end":{"line":66,"column":9}}},"fnMap":{"0":{"name":"(anonymous_0)","decl":{"start":{"line":6,"column":4},"end":{"line":6,"column":5}},"loc":{"start":{"line":6,"column":23},"end":{"line":12,"column":5}},"line":6},"1":{"name":"(anonymous_1)","decl":{"start":{"line":14,"column":4},"end":{"line":14,"column":5}},"loc":{"start":{"line":14,"column":24},"end":{"line":18,"column":5}},"line":14},"2":{"name":"(anonymous_2)","decl":{"start":{"line":23,"column":4},"end":{"line":23,"column":5}},"loc":{"start":{"line":23,"column":13},"end":{"line":67,"column":5}},"line":23}},"branchMap":{"0":{"loc":{"start":{"line":15,"column":8},"end":{"line":17,"column":9}},"type":"if","locations":[{"start":{"line":15,"column":8},"end":{"line":17,"column":9}},{"start":{"line":15,"column":8},"end":{"line":17,"column":9}}],"line":15},"1":{"loc":{"start":{"line":41,"column":17},"end":{"line":63,"column":17}},"type":"cond-expr","locations":[{"start":{"line":42,"column":20},"end":{"line":51,"column":26}},{"start":{"line":53,"column":20},"end":{"line":62,"column":26}}],"line":41}},"s":{"0":2,"1":2,"2":2,"3":1,"4":2,"5":2},"f":{"0":2,"1":2,"2":2},"b":{"0":[1,1],"1":[1,1]},"_coverageSchema":"43e27e138ebf9cfc5966b082cf9a028302ed4184","hash":"7f8d7fa01db63c2bba737db7006bc5598283bdb9"}
,"/Users/joakimstolen/Desktop/Exam_PGR6301/src/client/index.jsx": {"path":"/Users/joakimstolen/Desktop/Exam_PGR6301/src/client/index.jsx","statementMap":{"0":{"start":{"line":16,"column":8},"end":{"line":16,"column":21}},"1":{"start":{"line":18,"column":8},"end":{"line":20,"column":9}},"2":{"start":{"line":24,"column":8},"end":{"line":24,"column":38}},"3":{"start":{"line":29,"column":8},"end":{"line":29,"column":28}},"4":{"start":{"line":33,"column":29},"end":{"line":60,"column":5}},"5":{"start":{"line":35,"column":20},"end":{"line":35,"column":31}},"6":{"start":{"line":39,"column":8},"end":{"line":46,"column":9}},"7":{"start":{"line":40,"column":12},"end":{"line":42,"column":15}},"8":{"start":{"line":44,"column":12},"end":{"line":44,"column":77}},"9":{"start":{"line":45,"column":12},"end":{"line":45,"column":19}},"10":{"start":{"line":48,"column":8},"end":{"line":52,"column":9}},"11":{"start":{"line":50,"column":12},"end":{"line":50,"column":42}},"12":{"start":{"line":51,"column":12},"end":{"line":51,"column":19}},"13":{"start":{"line":54,"column":8},"end":{"line":59,"column":9}},"14":{"start":{"line":57,"column":28},"end":{"line":57,"column":49}},"15":{"start":{"line":58,"column":12},"end":{"line":58,"column":45}},"16":{"start":{"line":62,"column":25},"end":{"line":64,"column":5}},"17":{"start":{"line":63,"column":8},"end":{"line":63,"column":36}},"18":{"start":{"line":67,"column":8},"end":{"line":74,"column":10}},"19":{"start":{"line":78,"column":19},"end":{"line":78,"column":62}},"20":{"start":{"line":80,"column":8},"end":{"line":122,"column":9}},"21":{"start":{"line":87,"column":69},"end":{"line":87,"column":142}},"22":{"start":{"line":88,"column":68},"end":{"line":88,"column":140}},"23":{"start":{"line":90,"column":67},"end":{"line":93,"column":131}},"24":{"start":{"line":95,"column":69},"end":{"line":98,"column":131}},"25":{"start":{"line":102,"column":48},"end":{"line":106,"column":33}},"26":{"start":{"line":110,"column":48},"end":{"line":116,"column":33}},"27":{"start":{"line":126,"column":0},"end":{"line":126,"column":57}}},"fnMap":{"0":{"name":"(anonymous_0)","decl":{"start":{"line":15,"column":4},"end":{"line":15,"column":5}},"loc":{"start":{"line":15,"column":23},"end":{"line":21,"column":5}},"line":15},"1":{"name":"(anonymous_1)","decl":{"start":{"line":23,"column":4},"end":{"line":23,"column":5}},"loc":{"start":{"line":23,"column":24},"end":{"line":26,"column":5}},"line":23},"2":{"name":"(anonymous_2)","decl":{"start":{"line":28,"column":4},"end":{"line":28,"column":5}},"loc":{"start":{"line":28,"column":27},"end":{"line":30,"column":5}},"line":28},"3":{"name":"(anonymous_3)","decl":{"start":{"line":33,"column":29},"end":{"line":33,"column":30}},"loc":{"start":{"line":33,"column":41},"end":{"line":60,"column":5}},"line":33},"4":{"name":"(anonymous_4)","decl":{"start":{"line":62,"column":25},"end":{"line":62,"column":26}},"loc":{"start":{"line":62,"column":35},"end":{"line":64,"column":5}},"line":62},"5":{"name":"(anonymous_5)","decl":{"start":{"line":66,"column":4},"end":{"line":66,"column":5}},"loc":{"start":{"line":66,"column":15},"end":{"line":75,"column":5}},"line":66},"6":{"name":"(anonymous_6)","decl":{"start":{"line":77,"column":4},"end":{"line":77,"column":5}},"loc":{"start":{"line":77,"column":13},"end":{"line":123,"column":5}},"line":77},"7":{"name":"(anonymous_7)","decl":{"start":{"line":87,"column":60},"end":{"line":87,"column":61}},"loc":{"start":{"line":87,"column":69},"end":{"line":87,"column":142}},"line":87},"8":{"name":"(anonymous_8)","decl":{"start":{"line":88,"column":59},"end":{"line":88,"column":60}},"loc":{"start":{"line":88,"column":68},"end":{"line":88,"column":140}},"line":88},"9":{"name":"(anonymous_9)","decl":{"start":{"line":90,"column":58},"end":{"line":90,"column":59}},"loc":{"start":{"line":90,"column":67},"end":{"line":93,"column":131}},"line":90},"10":{"name":"(anonymous_10)","decl":{"start":{"line":95,"column":60},"end":{"line":95,"column":61}},"loc":{"start":{"line":95,"column":69},"end":{"line":98,"column":131}},"line":95},"11":{"name":"(anonymous_11)","decl":{"start":{"line":102,"column":39},"end":{"line":102,"column":40}},"loc":{"start":{"line":102,"column":48},"end":{"line":106,"column":33}},"line":102},"12":{"name":"(anonymous_12)","decl":{"start":{"line":110,"column":39},"end":{"line":110,"column":40}},"loc":{"start":{"line":110,"column":48},"end":{"line":116,"column":33}},"line":110}},"branchMap":{"0":{"loc":{"start":{"line":48,"column":8},"end":{"line":52,"column":9}},"type":"if","locations":[{"start":{"line":48,"column":8},"end":{"line":52,"column":9}},{"start":{"line":48,"column":8},"end":{"line":52,"column":9}}],"line":48},"1":{"loc":{"start":{"line":54,"column":8},"end":{"line":59,"column":9}},"type":"if","locations":[{"start":{"line":54,"column":8},"end":{"line":59,"column":9}},{"start":{"line":54,"column":8},"end":{"line":59,"column":9}}],"line":54},"2":{"loc":{"start":{"line":78,"column":19},"end":{"line":78,"column":62}},"type":"cond-expr","locations":[{"start":{"line":78,"column":37},"end":{"line":78,"column":55}},{"start":{"line":78,"column":58},"end":{"line":78,"column":62}}],"line":78}},"s":{"0":0,"1":0,"2":0,"3":0,"4":0,"5":0,"6":0,"7":0,"8":0,"9":0,"10":0,"11":0,"12":0,"13":0,"14":0,"15":0,"16":0,"17":0,"18":0,"19":0,"20":0,"21":0,"22":0,"23":0,"24":0,"25":0,"26":0,"27":0},"f":{"0":0,"1":0,"2":0,"3":0,"4":0,"5":0,"6":0,"7":0,"8":0,"9":0,"10":0,"11":0,"12":0},"b":{"0":[0,0],"1":[0,0],"2":[0,0]},"hash":"9227aadf1975322ec0e6b354bcc26e119d508090"}
,"/Users/joakimstolen/Desktop/Exam_PGR6301/src/client/items.jsx": {"path":"/Users/joakimstolen/Desktop/Exam_PGR6301/src/client/items.jsx","statementMap":{"0":{"start":{"line":8,"column":8},"end":{"line":8,"column":21}},"1":{"start":{"line":10,"column":8},"end":{"line":14,"column":9}},"2":{"start":{"line":20,"column":8},"end":{"line":22,"column":9}},"3":{"start":{"line":21,"column":12},"end":{"line":21,"column":48}},"4":{"start":{"line":24,"column":8},"end":{"line":24,"column":26}},"5":{"start":{"line":28,"column":20},"end":{"line":28,"column":32}},"6":{"start":{"line":33,"column":8},"end":{"line":42,"column":9}},"7":{"start":{"line":34,"column":12},"end":{"line":34,"column":40}},"8":{"start":{"line":35,"column":12},"end":{"line":35,"column":44}},"9":{"start":{"line":37,"column":12},"end":{"line":40,"column":15}},"10":{"start":{"line":41,"column":12},"end":{"line":41,"column":19}},"11":{"start":{"line":44,"column":8},"end":{"line":54,"column":9}},"12":{"start":{"line":45,"column":12},"end":{"line":48,"column":15}},"13":{"start":{"line":50,"column":12},"end":{"line":53,"column":15}},"14":{"start":{"line":59,"column":17},"end":{"line":79,"column":5}},"15":{"start":{"line":60,"column":20},"end":{"line":60,"column":38}},"16":{"start":{"line":64,"column":8},"end":{"line":69,"column":9}},"17":{"start":{"line":65,"column":12},"end":{"line":65,"column":60}},"18":{"start":{"line":67,"column":12},"end":{"line":67,"column":53}},"19":{"start":{"line":68,"column":12},"end":{"line":68,"column":25}},"20":{"start":{"line":71,"column":8},"end":{"line":74,"column":9}},"21":{"start":{"line":72,"column":12},"end":{"line":72,"column":77}},"22":{"start":{"line":73,"column":12},"end":{"line":73,"column":25}},"23":{"start":{"line":76,"column":8},"end":{"line":76,"column":26}},"24":{"start":{"line":78,"column":8},"end":{"line":78,"column":20}},"25":{"start":{"line":82,"column":17},"end":{"line":110,"column":5}},"26":{"start":{"line":83,"column":20},"end":{"line":83,"column":38}},"27":{"start":{"line":85,"column":8},"end":{"line":89,"column":9}},"28":{"start":{"line":86,"column":12},"end":{"line":86,"column":29}},"29":{"start":{"line":88,"column":12},"end":{"line":88,"column":28}},"30":{"start":{"line":91,"column":24},"end":{"line":91,"column":85}},"31":{"start":{"line":96,"column":8},"end":{"line":106,"column":9}},"32":{"start":{"line":97,"column":12},"end":{"line":103,"column":15}},"33":{"start":{"line":105,"column":12},"end":{"line":105,"column":25}},"34":{"start":{"line":108,"column":8},"end":{"line":108,"column":26}},"35":{"start":{"line":109,"column":8},"end":{"line":109,"column":39}},"36":{"start":{"line":115,"column":21},"end":{"line":115,"column":36}},"37":{"start":{"line":116,"column":25},"end":{"line":116,"column":60}},"38":{"start":{"line":120,"column":8},"end":{"line":181,"column":9}},"39":{"start":{"line":121,"column":12},"end":{"line":121,"column":45}},"40":{"start":{"line":122,"column":15},"end":{"line":181,"column":9}},"41":{"start":{"line":123,"column":12},"end":{"line":123,"column":71}},"42":{"start":{"line":125,"column":12},"end":{"line":180,"column":18}},"43":{"start":{"line":139,"column":24},"end":{"line":176,"column":29}},"44":{"start":{"line":160,"column":87},"end":{"line":160,"column":108}},"45":{"start":{"line":164,"column":86},"end":{"line":164,"column":174}},"46":{"start":{"line":186,"column":8},"end":{"line":208,"column":10}}},"fnMap":{"0":{"name":"(anonymous_0)","decl":{"start":{"line":7,"column":4},"end":{"line":7,"column":5}},"loc":{"start":{"line":7,"column":23},"end":{"line":15,"column":5}},"line":7},"1":{"name":"(anonymous_1)","decl":{"start":{"line":18,"column":4},"end":{"line":18,"column":5}},"loc":{"start":{"line":18,"column":24},"end":{"line":25,"column":5}},"line":18},"2":{"name":"(anonymous_2)","decl":{"start":{"line":27,"column":4},"end":{"line":27,"column":5}},"loc":{"start":{"line":27,"column":22},"end":{"line":55,"column":5}},"line":27},"3":{"name":"(anonymous_3)","decl":{"start":{"line":59,"column":17},"end":{"line":59,"column":18}},"loc":{"start":{"line":59,"column":31},"end":{"line":79,"column":5}},"line":59},"4":{"name":"(anonymous_4)","decl":{"start":{"line":82,"column":17},"end":{"line":82,"column":18}},"loc":{"start":{"line":82,"column":88},"end":{"line":110,"column":5}},"line":82},"5":{"name":"(anonymous_5)","decl":{"start":{"line":113,"column":4},"end":{"line":113,"column":5}},"loc":{"start":{"line":113,"column":13},"end":{"line":209,"column":5}},"line":113},"6":{"name":"(anonymous_6)","decl":{"start":{"line":138,"column":42},"end":{"line":138,"column":43}},"loc":{"start":{"line":139,"column":24},"end":{"line":176,"column":29}},"line":139},"7":{"name":"(anonymous_7)","decl":{"start":{"line":160,"column":82},"end":{"line":160,"column":83}},"loc":{"start":{"line":160,"column":87},"end":{"line":160,"column":108}},"line":160},"8":{"name":"(anonymous_8)","decl":{"start":{"line":164,"column":81},"end":{"line":164,"column":82}},"loc":{"start":{"line":164,"column":86},"end":{"line":164,"column":174}},"line":164}},"branchMap":{"0":{"loc":{"start":{"line":20,"column":8},"end":{"line":22,"column":9}},"type":"if","locations":[{"start":{"line":20,"column":8},"end":{"line":22,"column":9}},{"start":{"line":20,"column":8},"end":{"line":22,"column":9}}],"line":20},"1":{"loc":{"start":{"line":44,"column":8},"end":{"line":54,"column":9}},"type":"if","locations":[{"start":{"line":44,"column":8},"end":{"line":54,"column":9}},{"start":{"line":44,"column":8},"end":{"line":54,"column":9}}],"line":44},"2":{"loc":{"start":{"line":71,"column":8},"end":{"line":74,"column":9}},"type":"if","locations":[{"start":{"line":71,"column":8},"end":{"line":74,"column":9}},{"start":{"line":71,"column":8},"end":{"line":74,"column":9}}],"line":71},"3":{"loc":{"start":{"line":85,"column":8},"end":{"line":89,"column":9}},"type":"if","locations":[{"start":{"line":85,"column":8},"end":{"line":89,"column":9}},{"start":{"line":85,"column":8},"end":{"line":89,"column":9}}],"line":85},"4":{"loc":{"start":{"line":116,"column":25},"end":{"line":116,"column":60}},"type":"binary-expr","locations":[{"start":{"line":116,"column":25},"end":{"line":116,"column":38}},{"start":{"line":116,"column":42},"end":{"line":116,"column":60}}],"line":116},"5":{"loc":{"start":{"line":120,"column":8},"end":{"line":181,"column":9}},"type":"if","locations":[{"start":{"line":120,"column":8},"end":{"line":181,"column":9}},{"start":{"line":120,"column":8},"end":{"line":181,"column":9}}],"line":120},"6":{"loc":{"start":{"line":122,"column":15},"end":{"line":181,"column":9}},"type":"if","locations":[{"start":{"line":122,"column":15},"end":{"line":181,"column":9}},{"start":{"line":122,"column":15},"end":{"line":181,"column":9}}],"line":122},"7":{"loc":{"start":{"line":122,"column":18},"end":{"line":122,"column":68}},"type":"binary-expr","locations":[{"start":{"line":122,"column":18},"end":{"line":122,"column":35}},{"start":{"line":122,"column":39},"end":{"line":122,"column":68}}],"line":122},"8":{"loc":{"start":{"line":144,"column":29},"end":{"line":148,"column":29}},"type":"cond-expr","locations":[{"start":{"line":145,"column":32},"end":{"line":145,"column":71}},{"start":{"line":147,"column":32},"end":{"line":147,"column":67}}],"line":144},"9":{"loc":{"start":{"line":150,"column":33},"end":{"line":173,"column":33}},"type":"cond-expr","locations":[{"start":{"line":151,"column":36},"end":{"line":168,"column":42}},{"start":{"line":170,"column":36},"end":{"line":172,"column":42}}],"line":150},"10":{"loc":{"start":{"line":152,"column":41},"end":{"line":156,"column":41}},"type":"binary-expr","locations":[{"start":{"line":152,"column":41},"end":{"line":152,"column":76}},{"start":{"line":152,"column":80},"end":{"line":152,"column":100}},{"start":{"line":153,"column":40},"end":{"line":155,"column":47}}],"line":152},"11":{"loc":{"start":{"line":159,"column":41},"end":{"line":161,"column":41}},"type":"binary-expr","locations":[{"start":{"line":159,"column":41},"end":{"line":159,"column":76}},{"start":{"line":160,"column":44},"end":{"line":160,"column":125}}],"line":159},"12":{"loc":{"start":{"line":163,"column":41},"end":{"line":165,"column":41}},"type":"binary-expr","locations":[{"start":{"line":163,"column":41},"end":{"line":163,"column":76}},{"start":{"line":164,"column":44},"end":{"line":164,"column":197}}],"line":163},"13":{"loc":{"start":{"line":189,"column":17},"end":{"line":204,"column":17}},"type":"cond-expr","locations":[{"start":{"line":190,"column":20},"end":{"line":197,"column":26}},{"start":{"line":199,"column":20},"end":{"line":203,"column":26}}],"line":189}},"s":{"0":2,"1":2,"2":2,"3":0,"4":2,"5":2,"6":2,"7":2,"8":2,"9":0,"10":0,"11":2,"12":2,"13":0,"14":2,"15":0,"16":0,"17":0,"18":0,"19":0,"20":0,"21":0,"22":0,"23":0,"24":0,"25":2,"26":0,"27":0,"28":0,"29":0,"30":0,"31":0,"32":0,"33":0,"34":0,"35":0,"36":4,"37":4,"38":4,"39":0,"40":4,"41":2,"42":2,"43":5,"44":0,"45":0,"46":4},"f":{"0":2,"1":2,"2":2,"3":0,"4":0,"5":4,"6":5,"7":0,"8":0},"b":{"0":[0,2],"1":[2,0],"2":[0,0],"3":[0,0],"4":[4,4],"5":[0,4],"6":[2,2],"7":[4,2],"8":[4,1],"9":[0,5],"10":[0,0,0],"11":[0,0],"12":[0,0],"13":[0,4]},"_coverageSchema":"43e27e138ebf9cfc5966b082cf9a028302ed4184","hash":"d8cb74d42e984359ca3800728cb6bd398d61fbad"}
,"/Users/joakimstolen/Desktop/Exam_PGR6301/src/client/login.jsx": {"path":"/Users/joakimstolen/Desktop/Exam_PGR6301/src/client/login.jsx","statementMap":{"0":{"start":{"line":8,"column":8},"end":{"line":8,"column":21}},"1":{"start":{"line":10,"column":8},"end":{"line":14,"column":10}},"2":{"start":{"line":17,"column":21},"end":{"line":19,"column":5}},"3":{"start":{"line":18,"column":8},"end":{"line":18,"column":52}},"4":{"start":{"line":21,"column":23},"end":{"line":23,"column":5}},"5":{"start":{"line":22,"column":8},"end":{"line":22,"column":54}},"6":{"start":{"line":25,"column":14},"end":{"line":61,"column":5}},"7":{"start":{"line":26,"column":35},"end":{"line":26,"column":45}},"8":{"start":{"line":28,"column":20},"end":{"line":28,"column":32}},"9":{"start":{"line":30,"column":24},"end":{"line":30,"column":60}},"10":{"start":{"line":34,"column":8},"end":{"line":45,"column":9}},"11":{"start":{"line":35,"column":12},"end":{"line":41,"column":15}},"12":{"start":{"line":43,"column":12},"end":{"line":43,"column":76}},"13":{"start":{"line":44,"column":12},"end":{"line":44,"column":19}},"14":{"start":{"line":48,"column":8},"end":{"line":51,"column":9}},"15":{"start":{"line":49,"column":12},"end":{"line":49,"column":65}},"16":{"start":{"line":50,"column":12},"end":{"line":50,"column":19}},"17":{"start":{"line":53,"column":8},"end":{"line":56,"column":9}},"18":{"start":{"line":54,"column":12},"end":{"line":54,"column":104}},"19":{"start":{"line":55,"column":12},"end":{"line":55,"column":19}},"20":{"start":{"line":58,"column":8},"end":{"line":58,"column":40}},"21":{"start":{"line":59,"column":8},"end":{"line":59,"column":50}},"22":{"start":{"line":60,"column":8},"end":{"line":60,"column":37}},"23":{"start":{"line":66,"column":20},"end":{"line":66,"column":31}},"24":{"start":{"line":67,"column":8},"end":{"line":69,"column":9}},"25":{"start":{"line":68,"column":12},"end":{"line":68,"column":80}},"26":{"start":{"line":72,"column":8},"end":{"line":93,"column":20}}},"fnMap":{"0":{"name":"(anonymous_0)","decl":{"start":{"line":7,"column":4},"end":{"line":7,"column":5}},"loc":{"start":{"line":7,"column":22},"end":{"line":15,"column":5}},"line":7},"1":{"name":"(anonymous_1)","decl":{"start":{"line":17,"column":21},"end":{"line":17,"column":22}},"loc":{"start":{"line":17,"column":31},"end":{"line":19,"column":5}},"line":17},"2":{"name":"(anonymous_2)","decl":{"start":{"line":21,"column":23},"end":{"line":21,"column":24}},"loc":{"start":{"line":21,"column":34},"end":{"line":23,"column":5}},"line":21},"3":{"name":"(anonymous_3)","decl":{"start":{"line":25,"column":14},"end":{"line":25,"column":15}},"loc":{"start":{"line":25,"column":26},"end":{"line":61,"column":5}},"line":25},"4":{"name":"(anonymous_4)","decl":{"start":{"line":64,"column":4},"end":{"line":64,"column":5}},"loc":{"start":{"line":64,"column":12},"end":{"line":94,"column":5}},"line":64}},"branchMap":{"0":{"loc":{"start":{"line":48,"column":8},"end":{"line":51,"column":9}},"type":"if","locations":[{"start":{"line":48,"column":8},"end":{"line":51,"column":9}},{"start":{"line":48,"column":8},"end":{"line":51,"column":9}}],"line":48},"1":{"loc":{"start":{"line":53,"column":8},"end":{"line":56,"column":9}},"type":"if","locations":[{"start":{"line":53,"column":8},"end":{"line":56,"column":9}},{"start":{"line":53,"column":8},"end":{"line":56,"column":9}}],"line":53},"2":{"loc":{"start":{"line":67,"column":8},"end":{"line":69,"column":9}},"type":"if","locations":[{"start":{"line":67,"column":8},"end":{"line":69,"column":9}},{"start":{"line":67,"column":8},"end":{"line":69,"column":9}}],"line":67}},"s":{"0":3,"1":3,"2":3,"3":2,"4":3,"5":2,"6":3,"7":2,"8":2,"9":2,"10":2,"11":2,"12":0,"13":0,"14":2,"15":1,"16":1,"17":1,"18":0,"19":0,"20":1,"21":1,"22":1,"23":9,"24":9,"25":1,"26":9},"f":{"0":3,"1":2,"2":2,"3":2,"4":9},"b":{"0":[1,1],"1":[0,1],"2":[1,8]},"_coverageSchema":"43e27e138ebf9cfc5966b082cf9a028302ed4184","hash":"fba3df832fd3b4816af531ff74b6f716e12ecf0e"}
,"/Users/joakimstolen/Desktop/Exam_PGR6301/src/client/signup.jsx": {"path":"/Users/joakimstolen/Desktop/Exam_PGR6301/src/client/signup.jsx","statementMap":{"0":{"start":{"line":7,"column":8},"end":{"line":7,"column":21}},"1":{"start":{"line":9,"column":8},"end":{"line":14,"column":10}},"2":{"start":{"line":17,"column":21},"end":{"line":19,"column":5}},"3":{"start":{"line":18,"column":8},"end":{"line":18,"column":68}},"4":{"start":{"line":21,"column":23},"end":{"line":23,"column":5}},"5":{"start":{"line":22,"column":8},"end":{"line":22,"column":70}},"6":{"start":{"line":25,"column":22},"end":{"line":27,"column":5}},"7":{"start":{"line":26,"column":8},"end":{"line":26,"column":69}},"8":{"start":{"line":29,"column":15},"end":{"line":71,"column":5}},"9":{"start":{"line":31,"column":44},"end":{"line":31,"column":54}},"10":{"start":{"line":33,"column":8},"end":{"line":36,"column":9}},"11":{"start":{"line":34,"column":12},"end":{"line":34,"column":64}},"12":{"start":{"line":35,"column":12},"end":{"line":35,"column":19}},"13":{"start":{"line":38,"column":20},"end":{"line":38,"column":33}},"14":{"start":{"line":40,"column":24},"end":{"line":40,"column":60}},"15":{"start":{"line":44,"column":8},"end":{"line":55,"column":9}},"16":{"start":{"line":45,"column":12},"end":{"line":51,"column":15}},"17":{"start":{"line":53,"column":12},"end":{"line":53,"column":76}},"18":{"start":{"line":54,"column":12},"end":{"line":54,"column":19}},"19":{"start":{"line":58,"column":8},"end":{"line":61,"column":9}},"20":{"start":{"line":59,"column":12},"end":{"line":59,"column":65}},"21":{"start":{"line":60,"column":12},"end":{"line":60,"column":19}},"22":{"start":{"line":63,"column":8},"end":{"line":66,"column":9}},"23":{"start":{"line":64,"column":12},"end":{"line":64,"column":104}},"24":{"start":{"line":65,"column":12},"end":{"line":65,"column":19}},"25":{"start":{"line":68,"column":8},"end":{"line":68,"column":40}},"26":{"start":{"line":69,"column":8},"end":{"line":69,"column":50}},"27":{"start":{"line":70,"column":8},"end":{"line":70,"column":37}},"28":{"start":{"line":75,"column":20},"end":{"line":75,"column":31}},"29":{"start":{"line":76,"column":8},"end":{"line":78,"column":9}},"30":{"start":{"line":77,"column":12},"end":{"line":77,"column":80}},"31":{"start":{"line":80,"column":25},"end":{"line":80,"column":29}},"32":{"start":{"line":81,"column":8},"end":{"line":83,"column":9}},"33":{"start":{"line":82,"column":12},"end":{"line":82,"column":40}},"34":{"start":{"line":85,"column":8},"end":{"line":114,"column":10}}},"fnMap":{"0":{"name":"(anonymous_0)","decl":{"start":{"line":6,"column":4},"end":{"line":6,"column":5}},"loc":{"start":{"line":6,"column":22},"end":{"line":15,"column":5}},"line":6},"1":{"name":"(anonymous_1)","decl":{"start":{"line":17,"column":21},"end":{"line":17,"column":22}},"loc":{"start":{"line":17,"column":32},"end":{"line":19,"column":5}},"line":17},"2":{"name":"(anonymous_2)","decl":{"start":{"line":21,"column":23},"end":{"line":21,"column":24}},"loc":{"start":{"line":21,"column":34},"end":{"line":23,"column":5}},"line":21},"3":{"name":"(anonymous_3)","decl":{"start":{"line":25,"column":22},"end":{"line":25,"column":23}},"loc":{"start":{"line":25,"column":33},"end":{"line":27,"column":5}},"line":25},"4":{"name":"(anonymous_4)","decl":{"start":{"line":29,"column":15},"end":{"line":29,"column":16}},"loc":{"start":{"line":29,"column":27},"end":{"line":71,"column":5}},"line":29},"5":{"name":"(anonymous_5)","decl":{"start":{"line":73,"column":4},"end":{"line":73,"column":5}},"loc":{"start":{"line":73,"column":12},"end":{"line":115,"column":5}},"line":73}},"branchMap":{"0":{"loc":{"start":{"line":33,"column":8},"end":{"line":36,"column":9}},"type":"if","locations":[{"start":{"line":33,"column":8},"end":{"line":36,"column":9}},{"start":{"line":33,"column":8},"end":{"line":36,"column":9}}],"line":33},"1":{"loc":{"start":{"line":58,"column":8},"end":{"line":61,"column":9}},"type":"if","locations":[{"start":{"line":58,"column":8},"end":{"line":61,"column":9}},{"start":{"line":58,"column":8},"end":{"line":61,"column":9}}],"line":58},"2":{"loc":{"start":{"line":63,"column":8},"end":{"line":66,"column":9}},"type":"if","locations":[{"start":{"line":63,"column":8},"end":{"line":66,"column":9}},{"start":{"line":63,"column":8},"end":{"line":66,"column":9}}],"line":63},"3":{"loc":{"start":{"line":76,"column":8},"end":{"line":78,"column":9}},"type":"if","locations":[{"start":{"line":76,"column":8},"end":{"line":78,"column":9}},{"start":{"line":76,"column":8},"end":{"line":78,"column":9}}],"line":76},"4":{"loc":{"start":{"line":81,"column":8},"end":{"line":83,"column":9}},"type":"if","locations":[{"start":{"line":81,"column":8},"end":{"line":83,"column":9}},{"start":{"line":81,"column":8},"end":{"line":83,"column":9}}],"line":81}},"s":{"0":4,"1":4,"2":4,"3":3,"4":4,"5":3,"6":4,"7":3,"8":4,"9":3,"10":3,"11":1,"12":1,"13":2,"14":2,"15":2,"16":2,"17":0,"18":0,"19":2,"20":1,"21":1,"22":1,"23":0,"24":0,"25":1,"26":1,"27":1,"28":16,"29":16,"30":2,"31":16,"32":16,"33":5,"34":16},"f":{"0":4,"1":3,"2":3,"3":3,"4":3,"5":16},"b":{"0":[1,2],"1":[1,1],"2":[0,1],"3":[2,14],"4":[5,11]},"_coverageSchema":"43e27e138ebf9cfc5966b082cf9a028302ed4184","hash":"cc6d6363bb3fe7a149a749f8a3c2af57540448f7"}
,"/Users/joakimstolen/Desktop/Exam_PGR6301/src/server/app.js": {"path":"/Users/joakimstolen/Desktop/Exam_PGR6301/src/server/app.js","statementMap":{"0":{"start":{"line":1,"column":16},"end":{"line":1,"column":34}},"1":{"start":{"line":2,"column":19},"end":{"line":2,"column":41}},"2":{"start":{"line":3,"column":17},"end":{"line":3,"column":36}},"3":{"start":{"line":4,"column":16},"end":{"line":4,"column":42}},"4":{"start":{"line":5,"column":22},"end":{"line":5,"column":56}},"5":{"start":{"line":6,"column":13},"end":{"line":6,"column":28}},"6":{"start":{"line":7,"column":13},"end":{"line":7,"column":28}},"7":{"start":{"line":8,"column":12},"end":{"line":8,"column":21}},"8":{"start":{"line":9,"column":12},"end":{"line":9,"column":38}},"9":{"start":{"line":10,"column":11},"end":{"line":10,"column":24}},"10":{"start":{"line":12,"column":14},"end":{"line":12,"column":35}},"11":{"start":{"line":14,"column":16},"end":{"line":14,"column":44}},"12":{"start":{"line":15,"column":14},"end":{"line":15,"column":35}},"13":{"start":{"line":18,"column":0},"end":{"line":18,"column":31}},"14":{"start":{"line":19,"column":0},"end":{"line":19,"column":35}},"15":{"start":{"line":20,"column":0},"end":{"line":20,"column":32}},"16":{"start":{"line":21,"column":0},"end":{"line":21,"column":36}},"17":{"start":{"line":22,"column":0},"end":{"line":22,"column":40}},"18":{"start":{"line":25,"column":0},"end":{"line":28,"column":1}},"19":{"start":{"line":26,"column":4},"end":{"line":26,"column":51}},"20":{"start":{"line":27,"column":4},"end":{"line":27,"column":20}},"21":{"start":{"line":30,"column":0},"end":{"line":30,"column":51}},"22":{"start":{"line":33,"column":0},"end":{"line":33,"column":27}},"23":{"start":{"line":36,"column":0},"end":{"line":39,"column":3}},"24":{"start":{"line":37,"column":4},"end":{"line":37,"column":51}},"25":{"start":{"line":46,"column":0},"end":{"line":49,"column":3}},"26":{"start":{"line":48,"column":4},"end":{"line":48,"column":34}},"27":{"start":{"line":51,"column":0},"end":{"line":61,"column":3}},"28":{"start":{"line":52,"column":17},"end":{"line":52,"column":48}},"29":{"start":{"line":54,"column":4},"end":{"line":59,"column":5}},"30":{"start":{"line":55,"column":8},"end":{"line":55,"column":24}},"31":{"start":{"line":56,"column":8},"end":{"line":56,"column":19}},"32":{"start":{"line":58,"column":8},"end":{"line":58,"column":22}},"33":{"start":{"line":63,"column":0},"end":{"line":72,"column":3}},"34":{"start":{"line":64,"column":20},"end":{"line":64,"column":51}},"35":{"start":{"line":65,"column":4},"end":{"line":69,"column":5}},"36":{"start":{"line":66,"column":8},"end":{"line":66,"column":24}},"37":{"start":{"line":68,"column":8},"end":{"line":68,"column":24}},"38":{"start":{"line":71,"column":4},"end":{"line":71,"column":15}},"39":{"start":{"line":74,"column":0},"end":{"line":83,"column":3}},"40":{"start":{"line":76,"column":16},"end":{"line":76,"column":24}},"41":{"start":{"line":78,"column":15},"end":{"line":78,"column":108}},"42":{"start":{"line":79,"column":4},"end":{"line":79,"column":20}},"43":{"start":{"line":80,"column":4},"end":{"line":80,"column":46}},"44":{"start":{"line":81,"column":4},"end":{"line":81,"column":15}},"45":{"start":{"line":85,"column":0},"end":{"line":101,"column":3}},"46":{"start":{"line":86,"column":4},"end":{"line":90,"column":5}},"47":{"start":{"line":87,"column":8},"end":{"line":87,"column":24}},"48":{"start":{"line":88,"column":8},"end":{"line":88,"column":19}},"49":{"start":{"line":89,"column":8},"end":{"line":89,"column":15}},"50":{"start":{"line":92,"column":20},"end":{"line":92,"column":46}},"51":{"start":{"line":94,"column":4},"end":{"line":98,"column":5}},"52":{"start":{"line":95,"column":8},"end":{"line":95,"column":24}},"53":{"start":{"line":97,"column":8},"end":{"line":97,"column":24}},"54":{"start":{"line":100,"column":4},"end":{"line":100,"column":15}},"55":{"start":{"line":105,"column":0},"end":{"line":108,"column":3}},"56":{"start":{"line":106,"column":4},"end":{"line":106,"column":20}},"57":{"start":{"line":107,"column":4},"end":{"line":107,"column":15}},"58":{"start":{"line":115,"column":0},"end":{"line":119,"column":4}},"59":{"start":{"line":122,"column":0},"end":{"line":122,"column":34}},"60":{"start":{"line":128,"column":0},"end":{"line":144,"column":3}},"61":{"start":{"line":135,"column":19},"end":{"line":135,"column":53}},"62":{"start":{"line":137,"column":8},"end":{"line":139,"column":9}},"63":{"start":{"line":138,"column":12},"end":{"line":138,"column":77}},"64":{"start":{"line":141,"column":21},"end":{"line":141,"column":42}},"65":{"start":{"line":142,"column":8},"end":{"line":142,"column":32}},"66":{"start":{"line":147,"column":0},"end":{"line":149,"column":3}},"67":{"start":{"line":148,"column":4},"end":{"line":148,"column":24}},"68":{"start":{"line":151,"column":0},"end":{"line":160,"column":3}},"69":{"start":{"line":153,"column":17},"end":{"line":153,"column":34}},"70":{"start":{"line":155,"column":4},"end":{"line":159,"column":5}},"71":{"start":{"line":156,"column":8},"end":{"line":156,"column":25}},"72":{"start":{"line":158,"column":8},"end":{"line":158,"column":26}},"73":{"start":{"line":166,"column":0},"end":{"line":166,"column":31}},"74":{"start":{"line":167,"column":0},"end":{"line":167,"column":28}},"75":{"start":{"line":171,"column":0},"end":{"line":171,"column":25}},"76":{"start":{"line":175,"column":0},"end":{"line":177,"column":3}},"77":{"start":{"line":176,"column":4},"end":{"line":176,"column":78}},"78":{"start":{"line":179,"column":0},"end":{"line":179,"column":23}}},"fnMap":{"0":{"name":"(anonymous_0)","decl":{"start":{"line":36,"column":12},"end":{"line":36,"column":13}},"loc":{"start":{"line":36,"column":35},"end":{"line":39,"column":1}},"line":36},"1":{"name":"(anonymous_1)","decl":{"start":{"line":46,"column":22},"end":{"line":46,"column":23}},"loc":{"start":{"line":46,"column":36},"end":{"line":49,"column":1}},"line":46},"2":{"name":"(anonymous_2)","decl":{"start":{"line":51,"column":26},"end":{"line":51,"column":27}},"loc":{"start":{"line":51,"column":40},"end":{"line":61,"column":1}},"line":51},"3":{"name":"(anonymous_3)","decl":{"start":{"line":63,"column":29},"end":{"line":63,"column":30}},"loc":{"start":{"line":63,"column":43},"end":{"line":72,"column":1}},"line":63},"4":{"name":"(anonymous_4)","decl":{"start":{"line":74,"column":23},"end":{"line":74,"column":24}},"loc":{"start":{"line":74,"column":37},"end":{"line":83,"column":1}},"line":74},"5":{"name":"(anonymous_5)","decl":{"start":{"line":85,"column":26},"end":{"line":85,"column":27}},"loc":{"start":{"line":85,"column":40},"end":{"line":101,"column":1}},"line":85},"6":{"name":"(anonymous_6)","decl":{"start":{"line":105,"column":24},"end":{"line":105,"column":25}},"loc":{"start":{"line":105,"column":37},"end":{"line":108,"column":1}},"line":105},"7":{"name":"(anonymous_7)","decl":{"start":{"line":133,"column":4},"end":{"line":133,"column":5}},"loc":{"start":{"line":133,"column":38},"end":{"line":143,"column":5}},"line":133},"8":{"name":"(anonymous_8)","decl":{"start":{"line":147,"column":23},"end":{"line":147,"column":24}},"loc":{"start":{"line":147,"column":45},"end":{"line":149,"column":1}},"line":147},"9":{"name":"(anonymous_9)","decl":{"start":{"line":151,"column":25},"end":{"line":151,"column":26}},"loc":{"start":{"line":151,"column":45},"end":{"line":160,"column":1}},"line":151},"10":{"name":"(anonymous_10)","decl":{"start":{"line":175,"column":8},"end":{"line":175,"column":9}},"loc":{"start":{"line":175,"column":28},"end":{"line":177,"column":1}},"line":175}},"branchMap":{"0":{"loc":{"start":{"line":25,"column":0},"end":{"line":28,"column":1}},"type":"if","locations":[{"start":{"line":25,"column":0},"end":{"line":28,"column":1}},{"start":{"line":25,"column":0},"end":{"line":28,"column":1}}],"line":25},"1":{"loc":{"start":{"line":54,"column":4},"end":{"line":59,"column":5}},"type":"if","locations":[{"start":{"line":54,"column":4},"end":{"line":59,"column":5}},{"start":{"line":54,"column":4},"end":{"line":59,"column":5}}],"line":54},"2":{"loc":{"start":{"line":65,"column":4},"end":{"line":69,"column":5}},"type":"if","locations":[{"start":{"line":65,"column":4},"end":{"line":69,"column":5}},{"start":{"line":65,"column":4},"end":{"line":69,"column":5}}],"line":65},"3":{"loc":{"start":{"line":86,"column":4},"end":{"line":90,"column":5}},"type":"if","locations":[{"start":{"line":86,"column":4},"end":{"line":90,"column":5}},{"start":{"line":86,"column":4},"end":{"line":90,"column":5}}],"line":86},"4":{"loc":{"start":{"line":94,"column":4},"end":{"line":98,"column":5}},"type":"if","locations":[{"start":{"line":94,"column":4},"end":{"line":98,"column":5}},{"start":{"line":94,"column":4},"end":{"line":98,"column":5}}],"line":94},"5":{"loc":{"start":{"line":137,"column":8},"end":{"line":139,"column":9}},"type":"if","locations":[{"start":{"line":137,"column":8},"end":{"line":139,"column":9}},{"start":{"line":137,"column":8},"end":{"line":139,"column":9}}],"line":137},"6":{"loc":{"start":{"line":155,"column":4},"end":{"line":159,"column":5}},"type":"if","locations":[{"start":{"line":155,"column":4},"end":{"line":159,"column":5}},{"start":{"line":155,"column":4},"end":{"line":159,"column":5}}],"line":155}},"s":{"0":6,"1":6,"2":6,"3":6,"4":6,"5":6,"6":6,"7":6,"8":6,"9":6,"10":6,"11":6,"12":6,"13":6,"14":6,"15":6,"16":6,"17":6,"18":6,"19":0,"20":0,"21":6,"22":6,"23":6,"24":0,"25":6,"26":8,"27":6,"28":5,"29":5,"30":1,"31":1,"32":4,"33":6,"34":4,"35":4,"36":4,"37":0,"38":4,"39":6,"40":1,"41":1,"42":1,"43":1,"44":1,"45":6,"46":0,"47":0,"48":0,"49":0,"50":0,"51":0,"52":0,"53":0,"54":0,"55":6,"56":0,"57":0,"58":6,"59":6,"60":6,"61":14,"62":14,"63":2,"64":12,"65":12,"66":6,"67":12,"68":6,"69":8,"70":8,"71":8,"72":0,"73":6,"74":6,"75":6,"76":6,"77":2,"78":6},"f":{"0":0,"1":8,"2":5,"3":4,"4":1,"5":0,"6":0,"7":14,"8":12,"9":8,"10":2},"b":{"0":[0,6],"1":[1,4],"2":[4,0],"3":[0,0],"4":[0,0],"5":[2,12],"6":[8,0]},"_coverageSchema":"43e27e138ebf9cfc5966b082cf9a028302ed4184","hash":"2c52e6b2527f4985072b405cf8a84feec2a766a3"}
,"/Users/joakimstolen/Desktop/Exam_PGR6301/src/server/server.js": {"path":"/Users/joakimstolen/Desktop/Exam_PGR6301/src/server/server.js","statementMap":{"0":{"start":{"line":1,"column":14},"end":{"line":1,"column":30}},"1":{"start":{"line":2,"column":14},"end":{"line":2,"column":35}},"2":{"start":{"line":4,"column":13},"end":{"line":4,"column":37}},"3":{"start":{"line":6,"column":0},"end":{"line":9,"column":3}},"4":{"start":{"line":7,"column":4},"end":{"line":7,"column":25}},"5":{"start":{"line":8,"column":4},"end":{"line":8,"column":50}}},"fnMap":{"0":{"name":"(anonymous_0)","decl":{"start":{"line":6,"column":17},"end":{"line":6,"column":18}},"loc":{"start":{"line":6,"column":23},"end":{"line":9,"column":1}},"line":6}},"branchMap":{"0":{"loc":{"start":{"line":4,"column":13},"end":{"line":4,"column":37}},"type":"binary-expr","locations":[{"start":{"line":4,"column":13},"end":{"line":4,"column":29}},{"start":{"line":4,"column":33},"end":{"line":4,"column":37}}],"line":4}},"s":{"0":0,"1":0,"2":0,"3":0,"4":0,"5":0},"f":{"0":0},"b":{"0":[0,0]},"hash":"c84db3c9ae9b6b1cb0c40e74f390f9cdad6f8c05"}
,"/Users/joakimstolen/Desktop/Exam_PGR6301/src/server/db/items.js": {"path":"/Users/joakimstolen/Desktop/Exam_PGR6301/src/server/db/items.js","statementMap":{"0":{"start":{"line":2,"column":14},"end":{"line":2,"column":23}},"1":{"start":{"line":4,"column":14},"end":{"line":4,"column":15}},"2":{"start":{"line":8,"column":4},"end":{"line":8,"column":18}},"3":{"start":{"line":9,"column":4},"end":{"line":9,"column":16}},"4":{"start":{"line":11,"column":4},"end":{"line":11,"column":78}},"5":{"start":{"line":12,"column":4},"end":{"line":12,"column":77}},"6":{"start":{"line":13,"column":4},"end":{"line":13,"column":76}},"7":{"start":{"line":14,"column":4},"end":{"line":14,"column":91}},"8":{"start":{"line":20,"column":15},"end":{"line":20,"column":27}},"9":{"start":{"line":21,"column":4},"end":{"line":21,"column":14}},"10":{"start":{"line":23,"column":4},"end":{"line":23,"column":21}},"11":{"start":{"line":25,"column":17},"end":{"line":33,"column":5}},"12":{"start":{"line":35,"column":4},"end":{"line":35,"column":24}},"13":{"start":{"line":36,"column":4},"end":{"line":36,"column":14}},"14":{"start":{"line":41,"column":4},"end":{"line":41,"column":27}},"15":{"start":{"line":45,"column":4},"end":{"line":45,"column":24}},"16":{"start":{"line":49,"column":4},"end":{"line":49,"column":37}},"17":{"start":{"line":53,"column":4},"end":{"line":55,"column":5}},"18":{"start":{"line":54,"column":8},"end":{"line":54,"column":21}},"19":{"start":{"line":57,"column":4},"end":{"line":57,"column":29}},"20":{"start":{"line":58,"column":4},"end":{"line":58,"column":16}},"21":{"start":{"line":61,"column":0},"end":{"line":61,"column":94}}},"fnMap":{"0":{"name":"initWithItems","decl":{"start":{"line":7,"column":9},"end":{"line":7,"column":22}},"loc":{"start":{"line":7,"column":25},"end":{"line":16,"column":1}},"line":7},"1":{"name":"createNewItem","decl":{"start":{"line":19,"column":9},"end":{"line":19,"column":22}},"loc":{"start":{"line":19,"column":87},"end":{"line":37,"column":1}},"line":19},"2":{"name":"deleteItem","decl":{"start":{"line":40,"column":9},"end":{"line":40,"column":19}},"loc":{"start":{"line":40,"column":24},"end":{"line":42,"column":1}},"line":40},"3":{"name":"getItem","decl":{"start":{"line":44,"column":9},"end":{"line":44,"column":16}},"loc":{"start":{"line":44,"column":21},"end":{"line":46,"column":1}},"line":44},"4":{"name":"getAllItems","decl":{"start":{"line":48,"column":9},"end":{"line":48,"column":20}},"loc":{"start":{"line":48,"column":23},"end":{"line":50,"column":1}},"line":48},"5":{"name":"updateItem","decl":{"start":{"line":52,"column":9},"end":{"line":52,"column":19}},"loc":{"start":{"line":52,"column":26},"end":{"line":59,"column":1}},"line":52}},"branchMap":{"0":{"loc":{"start":{"line":53,"column":4},"end":{"line":55,"column":5}},"type":"if","locations":[{"start":{"line":53,"column":4},"end":{"line":55,"column":5}},{"start":{"line":53,"column":4},"end":{"line":55,"column":5}}],"line":53}},"s":{"0":6,"1":6,"2":6,"3":6,"4":6,"5":6,"6":6,"7":6,"8":25,"9":25,"10":25,"11":25,"12":25,"13":25,"14":4,"15":5,"16":9,"17":0,"18":0,"19":0,"20":0,"21":6},"f":{"0":6,"1":25,"2":4,"3":5,"4":9,"5":0},"b":{"0":[0,0]},"_coverageSchema":"43e27e138ebf9cfc5966b082cf9a028302ed4184","hash":"cc1f0deef801f3f4f29f0730dd6e262500149f1b"}
,"/Users/joakimstolen/Desktop/Exam_PGR6301/src/server/db/users.js": {"path":"/Users/joakimstolen/Desktop/Exam_PGR6301/src/server/db/users.js","statementMap":{"0":{"start":{"line":2,"column":14},"end":{"line":2,"column":23}},"1":{"start":{"line":3,"column":13},"end":{"line":3,"column":14}},"2":{"start":{"line":7,"column":4},"end":{"line":7,"column":25}},"3":{"start":{"line":13,"column":17},"end":{"line":13,"column":28}},"4":{"start":{"line":15,"column":4},"end":{"line":17,"column":5}},"5":{"start":{"line":16,"column":8},"end":{"line":16,"column":21}},"6":{"start":{"line":19,"column":4},"end":{"line":19,"column":38}},"7":{"start":{"line":24,"column":4},"end":{"line":26,"column":5}},"8":{"start":{"line":25,"column":8},"end":{"line":25,"column":21}},"9":{"start":{"line":28,"column":17},"end":{"line":32,"column":5}},"10":{"start":{"line":33,"column":4},"end":{"line":33,"column":13}},"11":{"start":{"line":35,"column":4},"end":{"line":35,"column":24}},"12":{"start":{"line":36,"column":4},"end":{"line":36,"column":16}},"13":{"start":{"line":42,"column":4},"end":{"line":42,"column":18}},"14":{"start":{"line":47,"column":0},"end":{"line":47,"column":66}}},"fnMap":{"0":{"name":"getUser","decl":{"start":{"line":5,"column":9},"end":{"line":5,"column":16}},"loc":{"start":{"line":5,"column":20},"end":{"line":8,"column":1}},"line":5},"1":{"name":"verifyUser","decl":{"start":{"line":11,"column":9},"end":{"line":11,"column":19}},"loc":{"start":{"line":11,"column":33},"end":{"line":20,"column":1}},"line":11},"2":{"name":"createUser","decl":{"start":{"line":22,"column":9},"end":{"line":22,"column":19}},"loc":{"start":{"line":22,"column":33},"end":{"line":37,"column":1}},"line":22},"3":{"name":"resetAllUsers","decl":{"start":{"line":41,"column":9},"end":{"line":41,"column":22}},"loc":{"start":{"line":41,"column":24},"end":{"line":43,"column":1}},"line":41}},"branchMap":{"0":{"loc":{"start":{"line":15,"column":4},"end":{"line":17,"column":5}},"type":"if","locations":[{"start":{"line":15,"column":4},"end":{"line":17,"column":5}},{"start":{"line":15,"column":4},"end":{"line":17,"column":5}}],"line":15},"1":{"loc":{"start":{"line":24,"column":4},"end":{"line":26,"column":5}},"type":"if","locations":[{"start":{"line":24,"column":4},"end":{"line":26,"column":5}},{"start":{"line":24,"column":4},"end":{"line":26,"column":5}}],"line":24}},"s":{"0":6,"1":6,"2":79,"3":14,"4":14,"5":2,"6":12,"7":43,"8":2,"9":41,"10":41,"11":41,"12":41,"13":19,"14":6},"f":{"0":79,"1":14,"2":43,"3":19},"b":{"0":[2,12],"1":[2,41]},"_coverageSchema":"43e27e138ebf9cfc5966b082cf9a028302ed4184","hash":"8fbeb16d9f89b0d2e6a11c4328a6cf863dd582c9"}
,"/Users/joakimstolen/Desktop/Exam_PGR6301/src/server/routes/auth-api.js": {"path":"/Users/joakimstolen/Desktop/Exam_PGR6301/src/server/routes/auth-api.js","statementMap":{"0":{"start":{"line":1,"column":16},"end":{"line":1,"column":34}},"1":{"start":{"line":2,"column":17},"end":{"line":2,"column":36}},"2":{"start":{"line":3,"column":14},"end":{"line":3,"column":36}},"3":{"start":{"line":5,"column":15},"end":{"line":5,"column":31}},"4":{"start":{"line":7,"column":0},"end":{"line":10,"column":3}},"5":{"start":{"line":9,"column":4},"end":{"line":9,"column":27}},"6":{"start":{"line":12,"column":0},"end":{"line":31,"column":3}},"7":{"start":{"line":14,"column":20},"end":{"line":14,"column":72}},"8":{"start":{"line":16,"column":4},"end":{"line":19,"column":5}},"9":{"start":{"line":17,"column":8},"end":{"line":17,"column":31}},"10":{"start":{"line":18,"column":8},"end":{"line":18,"column":15}},"11":{"start":{"line":21,"column":4},"end":{"line":30,"column":7}},"12":{"start":{"line":22,"column":8},"end":{"line":29,"column":11}},"13":{"start":{"line":23,"column":12},"end":{"line":28,"column":13}},"14":{"start":{"line":25,"column":16},"end":{"line":25,"column":39}},"15":{"start":{"line":27,"column":16},"end":{"line":27,"column":39}},"16":{"start":{"line":33,"column":0},"end":{"line":37,"column":3}},"17":{"start":{"line":35,"column":4},"end":{"line":35,"column":17}},"18":{"start":{"line":36,"column":4},"end":{"line":36,"column":27}},"19":{"start":{"line":40,"column":0},"end":{"line":55,"column":3}},"20":{"start":{"line":42,"column":4},"end":{"line":45,"column":5}},"21":{"start":{"line":43,"column":8},"end":{"line":43,"column":31}},"22":{"start":{"line":44,"column":8},"end":{"line":44,"column":15}},"23":{"start":{"line":47,"column":4},"end":{"line":54,"column":6}},"24":{"start":{"line":58,"column":0},"end":{"line":58,"column":24}}},"fnMap":{"0":{"name":"(anonymous_0)","decl":{"start":{"line":7,"column":54},"end":{"line":7,"column":55}},"loc":{"start":{"line":7,"column":68},"end":{"line":10,"column":1}},"line":7},"1":{"name":"(anonymous_1)","decl":{"start":{"line":12,"column":23},"end":{"line":12,"column":24}},"loc":{"start":{"line":12,"column":43},"end":{"line":31,"column":1}},"line":12},"2":{"name":"(anonymous_2)","decl":{"start":{"line":21,"column":45},"end":{"line":21,"column":46}},"loc":{"start":{"line":21,"column":51},"end":{"line":30,"column":5}},"line":21},"3":{"name":"(anonymous_3)","decl":{"start":{"line":22,"column":25},"end":{"line":22,"column":26}},"loc":{"start":{"line":22,"column":34},"end":{"line":29,"column":9}},"line":22},"4":{"name":"(anonymous_4)","decl":{"start":{"line":33,"column":23},"end":{"line":33,"column":24}},"loc":{"start":{"line":33,"column":43},"end":{"line":37,"column":1}},"line":33},"5":{"name":"(anonymous_5)","decl":{"start":{"line":40,"column":20},"end":{"line":40,"column":21}},"loc":{"start":{"line":40,"column":40},"end":{"line":55,"column":1}},"line":40}},"branchMap":{"0":{"loc":{"start":{"line":16,"column":4},"end":{"line":19,"column":5}},"type":"if","locations":[{"start":{"line":16,"column":4},"end":{"line":19,"column":5}},{"start":{"line":16,"column":4},"end":{"line":19,"column":5}}],"line":16},"1":{"loc":{"start":{"line":23,"column":12},"end":{"line":28,"column":13}},"type":"if","locations":[{"start":{"line":23,"column":12},"end":{"line":28,"column":13}},{"start":{"line":23,"column":12},"end":{"line":28,"column":13}}],"line":23},"2":{"loc":{"start":{"line":42,"column":4},"end":{"line":45,"column":5}},"type":"if","locations":[{"start":{"line":42,"column":4},"end":{"line":45,"column":5}},{"start":{"line":42,"column":4},"end":{"line":45,"column":5}}],"line":42}},"s":{"0":6,"1":6,"2":6,"3":6,"4":6,"5":3,"6":6,"7":11,"8":11,"9":2,"10":2,"11":9,"12":9,"13":9,"14":0,"15":9,"16":6,"17":3,"18":3,"19":6,"20":9,"21":4,"22":4,"23":5,"24":6},"f":{"0":3,"1":11,"2":9,"3":9,"4":3,"5":9},"b":{"0":[2,9],"1":[0,9],"2":[4,5]},"_coverageSchema":"43e27e138ebf9cfc5966b082cf9a028302ed4184","hash":"414dafe217b5ba0ebf96fa2f2db78e75be4d272e"}
,"/Users/joakimstolen/Desktop/Exam_PGR6301/src/server/routes/routes.js": {"path":"/Users/joakimstolen/Desktop/Exam_PGR6301/src/server/routes/routes.js","statementMap":{},"fnMap":{},"branchMap":{},"s":{},"f":{},"b":{},"hash":"c1c2bbe5900ec4d9eb75a85a57b2096c6c1d5b2e"}
}
