{"/Users/joakimstolen/Desktop/Exam_PGR6301/src/client/headerbar.jsx": {"path":"/Users/joakimstolen/Desktop/Exam_PGR6301/src/client/headerbar.jsx","statementMap":{"0":{"start":{"line":7,"column":8},"end":{"line":7,"column":21}},"1":{"start":{"line":10,"column":15},"end":{"line":29,"column":5}},"2":{"start":{"line":11,"column":20},"end":{"line":11,"column":33}},"3":{"start":{"line":15,"column":8},"end":{"line":20,"column":9}},"4":{"start":{"line":16,"column":12},"end":{"line":16,"column":60}},"5":{"start":{"line":18,"column":12},"end":{"line":18,"column":57}},"6":{"start":{"line":19,"column":12},"end":{"line":19,"column":19}},"7":{"start":{"line":22,"column":8},"end":{"line":25,"column":9}},"8":{"start":{"line":23,"column":12},"end":{"line":23,"column":85}},"9":{"start":{"line":24,"column":12},"end":{"line":24,"column":19}},"10":{"start":{"line":27,"column":8},"end":{"line":27,"column":44}},"11":{"start":{"line":28,"column":8},"end":{"line":28,"column":37}},"12":{"start":{"line":32,"column":8},"end":{"line":42,"column":10}},"13":{"start":{"line":46,"column":8},"end":{"line":58,"column":10}},"14":{"start":{"line":62,"column":23},"end":{"line":62,"column":40}},"15":{"start":{"line":65,"column":8},"end":{"line":69,"column":9}},"16":{"start":{"line":66,"column":12},"end":{"line":66,"column":47}},"17":{"start":{"line":68,"column":12},"end":{"line":68,"column":50}},"18":{"start":{"line":71,"column":8},"end":{"line":78,"column":10}}},"fnMap":{"0":{"name":"(anonymous_0)","decl":{"start":{"line":6,"column":4},"end":{"line":6,"column":5}},"loc":{"start":{"line":6,"column":23},"end":{"line":8,"column":5}},"line":6},"1":{"name":"(anonymous_1)","decl":{"start":{"line":10,"column":15},"end":{"line":10,"column":16}},"loc":{"start":{"line":10,"column":27},"end":{"line":29,"column":5}},"line":10},"2":{"name":"(anonymous_2)","decl":{"start":{"line":31,"column":4},"end":{"line":31,"column":5}},"loc":{"start":{"line":31,"column":27},"end":{"line":43,"column":5}},"line":31},"3":{"name":"(anonymous_3)","decl":{"start":{"line":45,"column":4},"end":{"line":45,"column":5}},"loc":{"start":{"line":45,"column":24},"end":{"line":59,"column":5}},"line":45},"4":{"name":"(anonymous_4)","decl":{"start":{"line":61,"column":4},"end":{"line":61,"column":5}},"loc":{"start":{"line":61,"column":13},"end":{"line":79,"column":5}},"line":61}},"branchMap":{"0":{"loc":{"start":{"line":22,"column":8},"end":{"line":25,"column":9}},"type":"if","locations":[{"start":{"line":22,"column":8},"end":{"line":25,"column":9}},{"start":{"line":22,"column":8},"end":{"line":25,"column":9}}],"line":22},"1":{"loc":{"start":{"line":65,"column":8},"end":{"line":69,"column":9}},"type":"if","locations":[{"start":{"line":65,"column":8},"end":{"line":69,"column":9}},{"start":{"line":65,"column":8},"end":{"line":69,"column":9}}],"line":65}},"s":{"0":3,"1":3,"2":1,"3":1,"4":1,"5":0,"6":0,"7":1,"8":0,"9":0,"10":1,"11":1,"12":2,"13":1,"14":3,"15":3,"16":1,"17":2,"18":3},"f":{"0":3,"1":1,"2":2,"3":1,"4":3},"b":{"0":[0,1],"1":[1,2]},"_coverageSchema":"43e27e138ebf9cfc5966b082cf9a028302ed4184","hash":"971139246ee16a8582e075b9ad94ce25b0586a67"}
,"/Users/joakimstolen/Desktop/Exam_PGR6301/src/client/home.jsx": {"path":"/Users/joakimstolen/Desktop/Exam_PGR6301/src/client/home.jsx","statementMap":{"0":{"start":{"line":7,"column":8},"end":{"line":7,"column":21}},"1":{"start":{"line":9,"column":8},"end":{"line":11,"column":9}},"2":{"start":{"line":15,"column":8},"end":{"line":17,"column":9}},"3":{"start":{"line":16,"column":12},"end":{"line":16,"column":48}},"4":{"start":{"line":25,"column":21},"end":{"line":25,"column":36}},"5":{"start":{"line":27,"column":8},"end":{"line":59,"column":9}}},"fnMap":{"0":{"name":"(anonymous_0)","decl":{"start":{"line":6,"column":4},"end":{"line":6,"column":5}},"loc":{"start":{"line":6,"column":23},"end":{"line":12,"column":5}},"line":6},"1":{"name":"(anonymous_1)","decl":{"start":{"line":14,"column":4},"end":{"line":14,"column":5}},"loc":{"start":{"line":14,"column":24},"end":{"line":18,"column":5}},"line":14},"2":{"name":"(anonymous_2)","decl":{"start":{"line":23,"column":4},"end":{"line":23,"column":5}},"loc":{"start":{"line":23,"column":13},"end":{"line":60,"column":5}},"line":23}},"branchMap":{"0":{"loc":{"start":{"line":15,"column":8},"end":{"line":17,"column":9}},"type":"if","locations":[{"start":{"line":15,"column":8},"end":{"line":17,"column":9}},{"start":{"line":15,"column":8},"end":{"line":17,"column":9}}],"line":15},"1":{"loc":{"start":{"line":41,"column":17},"end":{"line":56,"column":17}},"type":"cond-expr","locations":[{"start":{"line":42,"column":20},"end":{"line":48,"column":26}},{"start":{"line":50,"column":20},"end":{"line":55,"column":26}}],"line":41}},"s":{"0":2,"1":2,"2":2,"3":1,"4":2,"5":2},"f":{"0":2,"1":2,"2":2},"b":{"0":[1,1],"1":[1,1]},"_coverageSchema":"43e27e138ebf9cfc5966b082cf9a028302ed4184","hash":"702671825e9c6fb3ed699f4fbf1762de90cda567"}
,"/Users/joakimstolen/Desktop/Exam_PGR6301/src/client/index.jsx": {"path":"/Users/joakimstolen/Desktop/Exam_PGR6301/src/client/index.jsx","statementMap":{"0":{"start":{"line":14,"column":8},"end":{"line":14,"column":21}},"1":{"start":{"line":16,"column":8},"end":{"line":18,"column":9}},"2":{"start":{"line":22,"column":8},"end":{"line":22,"column":38}},"3":{"start":{"line":27,"column":8},"end":{"line":27,"column":28}},"4":{"start":{"line":31,"column":29},"end":{"line":58,"column":5}},"5":{"start":{"line":33,"column":20},"end":{"line":33,"column":31}},"6":{"start":{"line":37,"column":8},"end":{"line":44,"column":9}},"7":{"start":{"line":38,"column":12},"end":{"line":40,"column":15}},"8":{"start":{"line":42,"column":12},"end":{"line":42,"column":77}},"9":{"start":{"line":43,"column":12},"end":{"line":43,"column":19}},"10":{"start":{"line":46,"column":8},"end":{"line":50,"column":9}},"11":{"start":{"line":48,"column":12},"end":{"line":48,"column":42}},"12":{"start":{"line":49,"column":12},"end":{"line":49,"column":19}},"13":{"start":{"line":52,"column":8},"end":{"line":57,"column":9}},"14":{"start":{"line":55,"column":28},"end":{"line":55,"column":49}},"15":{"start":{"line":56,"column":12},"end":{"line":56,"column":45}},"16":{"start":{"line":60,"column":25},"end":{"line":62,"column":5}},"17":{"start":{"line":61,"column":8},"end":{"line":61,"column":36}},"18":{"start":{"line":65,"column":8},"end":{"line":72,"column":10}},"19":{"start":{"line":76,"column":19},"end":{"line":76,"column":62}},"20":{"start":{"line":78,"column":8},"end":{"line":103,"column":9}},"21":{"start":{"line":85,"column":69},"end":{"line":85,"column":142}},"22":{"start":{"line":86,"column":68},"end":{"line":86,"column":140}},"23":{"start":{"line":91,"column":48},"end":{"line":97,"column":33}},"24":{"start":{"line":107,"column":0},"end":{"line":107,"column":57}}},"fnMap":{"0":{"name":"(anonymous_0)","decl":{"start":{"line":13,"column":4},"end":{"line":13,"column":5}},"loc":{"start":{"line":13,"column":23},"end":{"line":19,"column":5}},"line":13},"1":{"name":"(anonymous_1)","decl":{"start":{"line":21,"column":4},"end":{"line":21,"column":5}},"loc":{"start":{"line":21,"column":24},"end":{"line":24,"column":5}},"line":21},"2":{"name":"(anonymous_2)","decl":{"start":{"line":26,"column":4},"end":{"line":26,"column":5}},"loc":{"start":{"line":26,"column":27},"end":{"line":28,"column":5}},"line":26},"3":{"name":"(anonymous_3)","decl":{"start":{"line":31,"column":29},"end":{"line":31,"column":30}},"loc":{"start":{"line":31,"column":41},"end":{"line":58,"column":5}},"line":31},"4":{"name":"(anonymous_4)","decl":{"start":{"line":60,"column":25},"end":{"line":60,"column":26}},"loc":{"start":{"line":60,"column":35},"end":{"line":62,"column":5}},"line":60},"5":{"name":"(anonymous_5)","decl":{"start":{"line":64,"column":4},"end":{"line":64,"column":5}},"loc":{"start":{"line":64,"column":15},"end":{"line":73,"column":5}},"line":64},"6":{"name":"(anonymous_6)","decl":{"start":{"line":75,"column":4},"end":{"line":75,"column":5}},"loc":{"start":{"line":75,"column":13},"end":{"line":104,"column":5}},"line":75},"7":{"name":"(anonymous_7)","decl":{"start":{"line":85,"column":60},"end":{"line":85,"column":61}},"loc":{"start":{"line":85,"column":69},"end":{"line":85,"column":142}},"line":85},"8":{"name":"(anonymous_8)","decl":{"start":{"line":86,"column":59},"end":{"line":86,"column":60}},"loc":{"start":{"line":86,"column":68},"end":{"line":86,"column":140}},"line":86},"9":{"name":"(anonymous_9)","decl":{"start":{"line":91,"column":39},"end":{"line":91,"column":40}},"loc":{"start":{"line":91,"column":48},"end":{"line":97,"column":33}},"line":91}},"branchMap":{"0":{"loc":{"start":{"line":46,"column":8},"end":{"line":50,"column":9}},"type":"if","locations":[{"start":{"line":46,"column":8},"end":{"line":50,"column":9}},{"start":{"line":46,"column":8},"end":{"line":50,"column":9}}],"line":46},"1":{"loc":{"start":{"line":52,"column":8},"end":{"line":57,"column":9}},"type":"if","locations":[{"start":{"line":52,"column":8},"end":{"line":57,"column":9}},{"start":{"line":52,"column":8},"end":{"line":57,"column":9}}],"line":52},"2":{"loc":{"start":{"line":76,"column":19},"end":{"line":76,"column":62}},"type":"cond-expr","locations":[{"start":{"line":76,"column":37},"end":{"line":76,"column":55}},{"start":{"line":76,"column":58},"end":{"line":76,"column":62}}],"line":76}},"s":{"0":0,"1":0,"2":0,"3":0,"4":0,"5":0,"6":0,"7":0,"8":0,"9":0,"10":0,"11":0,"12":0,"13":0,"14":0,"15":0,"16":0,"17":0,"18":0,"19":0,"20":0,"21":0,"22":0,"23":0,"24":0},"f":{"0":0,"1":0,"2":0,"3":0,"4":0,"5":0,"6":0,"7":0,"8":0,"9":0},"b":{"0":[0,0],"1":[0,0],"2":[0,0]},"hash":"807ffcb24ad800da3930e485827dfc4d2ada11f3"}
,"/Users/joakimstolen/Desktop/Exam_PGR6301/src/client/login.jsx": {"path":"/Users/joakimstolen/Desktop/Exam_PGR6301/src/client/login.jsx","statementMap":{"0":{"start":{"line":8,"column":8},"end":{"line":8,"column":21}},"1":{"start":{"line":10,"column":8},"end":{"line":14,"column":10}},"2":{"start":{"line":17,"column":21},"end":{"line":19,"column":5}},"3":{"start":{"line":18,"column":8},"end":{"line":18,"column":52}},"4":{"start":{"line":21,"column":23},"end":{"line":23,"column":5}},"5":{"start":{"line":22,"column":8},"end":{"line":22,"column":54}},"6":{"start":{"line":25,"column":14},"end":{"line":61,"column":5}},"7":{"start":{"line":26,"column":35},"end":{"line":26,"column":45}},"8":{"start":{"line":28,"column":20},"end":{"line":28,"column":32}},"9":{"start":{"line":30,"column":24},"end":{"line":30,"column":60}},"10":{"start":{"line":34,"column":8},"end":{"line":45,"column":9}},"11":{"start":{"line":35,"column":12},"end":{"line":41,"column":15}},"12":{"start":{"line":43,"column":12},"end":{"line":43,"column":76}},"13":{"start":{"line":44,"column":12},"end":{"line":44,"column":19}},"14":{"start":{"line":48,"column":8},"end":{"line":51,"column":9}},"15":{"start":{"line":49,"column":12},"end":{"line":49,"column":65}},"16":{"start":{"line":50,"column":12},"end":{"line":50,"column":19}},"17":{"start":{"line":53,"column":8},"end":{"line":56,"column":9}},"18":{"start":{"line":54,"column":12},"end":{"line":54,"column":104}},"19":{"start":{"line":55,"column":12},"end":{"line":55,"column":19}},"20":{"start":{"line":58,"column":8},"end":{"line":58,"column":40}},"21":{"start":{"line":59,"column":8},"end":{"line":59,"column":50}},"22":{"start":{"line":60,"column":8},"end":{"line":60,"column":37}},"23":{"start":{"line":66,"column":20},"end":{"line":66,"column":31}},"24":{"start":{"line":67,"column":8},"end":{"line":69,"column":9}},"25":{"start":{"line":68,"column":12},"end":{"line":68,"column":80}},"26":{"start":{"line":72,"column":8},"end":{"line":93,"column":20}}},"fnMap":{"0":{"name":"(anonymous_0)","decl":{"start":{"line":7,"column":4},"end":{"line":7,"column":5}},"loc":{"start":{"line":7,"column":22},"end":{"line":15,"column":5}},"line":7},"1":{"name":"(anonymous_1)","decl":{"start":{"line":17,"column":21},"end":{"line":17,"column":22}},"loc":{"start":{"line":17,"column":31},"end":{"line":19,"column":5}},"line":17},"2":{"name":"(anonymous_2)","decl":{"start":{"line":21,"column":23},"end":{"line":21,"column":24}},"loc":{"start":{"line":21,"column":34},"end":{"line":23,"column":5}},"line":21},"3":{"name":"(anonymous_3)","decl":{"start":{"line":25,"column":14},"end":{"line":25,"column":15}},"loc":{"start":{"line":25,"column":26},"end":{"line":61,"column":5}},"line":25},"4":{"name":"(anonymous_4)","decl":{"start":{"line":64,"column":4},"end":{"line":64,"column":5}},"loc":{"start":{"line":64,"column":12},"end":{"line":94,"column":5}},"line":64}},"branchMap":{"0":{"loc":{"start":{"line":48,"column":8},"end":{"line":51,"column":9}},"type":"if","locations":[{"start":{"line":48,"column":8},"end":{"line":51,"column":9}},{"start":{"line":48,"column":8},"end":{"line":51,"column":9}}],"line":48},"1":{"loc":{"start":{"line":53,"column":8},"end":{"line":56,"column":9}},"type":"if","locations":[{"start":{"line":53,"column":8},"end":{"line":56,"column":9}},{"start":{"line":53,"column":8},"end":{"line":56,"column":9}}],"line":53},"2":{"loc":{"start":{"line":67,"column":8},"end":{"line":69,"column":9}},"type":"if","locations":[{"start":{"line":67,"column":8},"end":{"line":69,"column":9}},{"start":{"line":67,"column":8},"end":{"line":69,"column":9}}],"line":67}},"s":{"0":3,"1":3,"2":3,"3":2,"4":3,"5":2,"6":3,"7":2,"8":2,"9":2,"10":2,"11":2,"12":0,"13":0,"14":2,"15":1,"16":1,"17":1,"18":0,"19":0,"20":1,"21":1,"22":1,"23":9,"24":9,"25":1,"26":9},"f":{"0":3,"1":2,"2":2,"3":2,"4":9},"b":{"0":[1,1],"1":[0,1],"2":[1,8]},"_coverageSchema":"43e27e138ebf9cfc5966b082cf9a028302ed4184","hash":"fba3df832fd3b4816af531ff74b6f716e12ecf0e"}
,"/Users/joakimstolen/Desktop/Exam_PGR6301/src/client/signup.jsx": {"path":"/Users/joakimstolen/Desktop/Exam_PGR6301/src/client/signup.jsx","statementMap":{"0":{"start":{"line":7,"column":8},"end":{"line":7,"column":21}},"1":{"start":{"line":9,"column":8},"end":{"line":14,"column":10}},"2":{"start":{"line":17,"column":21},"end":{"line":19,"column":5}},"3":{"start":{"line":18,"column":8},"end":{"line":18,"column":68}},"4":{"start":{"line":21,"column":23},"end":{"line":23,"column":5}},"5":{"start":{"line":22,"column":8},"end":{"line":22,"column":70}},"6":{"start":{"line":25,"column":22},"end":{"line":27,"column":5}},"7":{"start":{"line":26,"column":8},"end":{"line":26,"column":69}},"8":{"start":{"line":29,"column":15},"end":{"line":71,"column":5}},"9":{"start":{"line":31,"column":44},"end":{"line":31,"column":54}},"10":{"start":{"line":33,"column":8},"end":{"line":36,"column":9}},"11":{"start":{"line":34,"column":12},"end":{"line":34,"column":64}},"12":{"start":{"line":35,"column":12},"end":{"line":35,"column":19}},"13":{"start":{"line":38,"column":20},"end":{"line":38,"column":33}},"14":{"start":{"line":40,"column":24},"end":{"line":40,"column":60}},"15":{"start":{"line":44,"column":8},"end":{"line":55,"column":9}},"16":{"start":{"line":45,"column":12},"end":{"line":51,"column":15}},"17":{"start":{"line":53,"column":12},"end":{"line":53,"column":76}},"18":{"start":{"line":54,"column":12},"end":{"line":54,"column":19}},"19":{"start":{"line":58,"column":8},"end":{"line":61,"column":9}},"20":{"start":{"line":59,"column":12},"end":{"line":59,"column":65}},"21":{"start":{"line":60,"column":12},"end":{"line":60,"column":19}},"22":{"start":{"line":63,"column":8},"end":{"line":66,"column":9}},"23":{"start":{"line":64,"column":12},"end":{"line":64,"column":104}},"24":{"start":{"line":65,"column":12},"end":{"line":65,"column":19}},"25":{"start":{"line":68,"column":8},"end":{"line":68,"column":40}},"26":{"start":{"line":69,"column":8},"end":{"line":69,"column":50}},"27":{"start":{"line":70,"column":8},"end":{"line":70,"column":37}},"28":{"start":{"line":75,"column":20},"end":{"line":75,"column":31}},"29":{"start":{"line":76,"column":8},"end":{"line":78,"column":9}},"30":{"start":{"line":77,"column":12},"end":{"line":77,"column":80}},"31":{"start":{"line":80,"column":25},"end":{"line":80,"column":29}},"32":{"start":{"line":81,"column":8},"end":{"line":83,"column":9}},"33":{"start":{"line":82,"column":12},"end":{"line":82,"column":40}},"34":{"start":{"line":85,"column":8},"end":{"line":114,"column":10}}},"fnMap":{"0":{"name":"(anonymous_0)","decl":{"start":{"line":6,"column":4},"end":{"line":6,"column":5}},"loc":{"start":{"line":6,"column":22},"end":{"line":15,"column":5}},"line":6},"1":{"name":"(anonymous_1)","decl":{"start":{"line":17,"column":21},"end":{"line":17,"column":22}},"loc":{"start":{"line":17,"column":32},"end":{"line":19,"column":5}},"line":17},"2":{"name":"(anonymous_2)","decl":{"start":{"line":21,"column":23},"end":{"line":21,"column":24}},"loc":{"start":{"line":21,"column":34},"end":{"line":23,"column":5}},"line":21},"3":{"name":"(anonymous_3)","decl":{"start":{"line":25,"column":22},"end":{"line":25,"column":23}},"loc":{"start":{"line":25,"column":33},"end":{"line":27,"column":5}},"line":25},"4":{"name":"(anonymous_4)","decl":{"start":{"line":29,"column":15},"end":{"line":29,"column":16}},"loc":{"start":{"line":29,"column":27},"end":{"line":71,"column":5}},"line":29},"5":{"name":"(anonymous_5)","decl":{"start":{"line":73,"column":4},"end":{"line":73,"column":5}},"loc":{"start":{"line":73,"column":12},"end":{"line":115,"column":5}},"line":73}},"branchMap":{"0":{"loc":{"start":{"line":33,"column":8},"end":{"line":36,"column":9}},"type":"if","locations":[{"start":{"line":33,"column":8},"end":{"line":36,"column":9}},{"start":{"line":33,"column":8},"end":{"line":36,"column":9}}],"line":33},"1":{"loc":{"start":{"line":58,"column":8},"end":{"line":61,"column":9}},"type":"if","locations":[{"start":{"line":58,"column":8},"end":{"line":61,"column":9}},{"start":{"line":58,"column":8},"end":{"line":61,"column":9}}],"line":58},"2":{"loc":{"start":{"line":63,"column":8},"end":{"line":66,"column":9}},"type":"if","locations":[{"start":{"line":63,"column":8},"end":{"line":66,"column":9}},{"start":{"line":63,"column":8},"end":{"line":66,"column":9}}],"line":63},"3":{"loc":{"start":{"line":76,"column":8},"end":{"line":78,"column":9}},"type":"if","locations":[{"start":{"line":76,"column":8},"end":{"line":78,"column":9}},{"start":{"line":76,"column":8},"end":{"line":78,"column":9}}],"line":76},"4":{"loc":{"start":{"line":81,"column":8},"end":{"line":83,"column":9}},"type":"if","locations":[{"start":{"line":81,"column":8},"end":{"line":83,"column":9}},{"start":{"line":81,"column":8},"end":{"line":83,"column":9}}],"line":81}},"s":{"0":4,"1":4,"2":4,"3":3,"4":4,"5":3,"6":4,"7":3,"8":4,"9":3,"10":3,"11":1,"12":1,"13":2,"14":2,"15":2,"16":2,"17":0,"18":0,"19":2,"20":1,"21":1,"22":1,"23":0,"24":0,"25":1,"26":1,"27":1,"28":16,"29":16,"30":2,"31":16,"32":16,"33":5,"34":16},"f":{"0":4,"1":3,"2":3,"3":3,"4":3,"5":16},"b":{"0":[1,2],"1":[1,1],"2":[0,1],"3":[2,14],"4":[5,11]},"_coverageSchema":"43e27e138ebf9cfc5966b082cf9a028302ed4184","hash":"cc6d6363bb3fe7a149a749f8a3c2af57540448f7"}
,"/Users/joakimstolen/Desktop/Exam_PGR6301/src/server/app.js": {"path":"/Users/joakimstolen/Desktop/Exam_PGR6301/src/server/app.js","statementMap":{"0":{"start":{"line":1,"column":16},"end":{"line":1,"column":34}},"1":{"start":{"line":2,"column":19},"end":{"line":2,"column":41}},"2":{"start":{"line":3,"column":17},"end":{"line":3,"column":36}},"3":{"start":{"line":4,"column":16},"end":{"line":4,"column":42}},"4":{"start":{"line":5,"column":22},"end":{"line":5,"column":56}},"5":{"start":{"line":6,"column":13},"end":{"line":6,"column":28}},"6":{"start":{"line":7,"column":13},"end":{"line":7,"column":28}},"7":{"start":{"line":8,"column":12},"end":{"line":8,"column":21}},"8":{"start":{"line":9,"column":12},"end":{"line":9,"column":38}},"9":{"start":{"line":10,"column":11},"end":{"line":10,"column":24}},"10":{"start":{"line":13,"column":16},"end":{"line":13,"column":44}},"11":{"start":{"line":14,"column":14},"end":{"line":14,"column":35}},"12":{"start":{"line":16,"column":0},"end":{"line":16,"column":31}},"13":{"start":{"line":18,"column":0},"end":{"line":21,"column":1}},"14":{"start":{"line":19,"column":4},"end":{"line":19,"column":51}},"15":{"start":{"line":20,"column":4},"end":{"line":20,"column":20}},"16":{"start":{"line":23,"column":0},"end":{"line":23,"column":51}},"17":{"start":{"line":26,"column":0},"end":{"line":26,"column":27}},"18":{"start":{"line":29,"column":0},"end":{"line":32,"column":3}},"19":{"start":{"line":30,"column":4},"end":{"line":30,"column":51}},"20":{"start":{"line":38,"column":0},"end":{"line":42,"column":4}},"21":{"start":{"line":45,"column":0},"end":{"line":45,"column":34}},"22":{"start":{"line":51,"column":0},"end":{"line":67,"column":3}},"23":{"start":{"line":58,"column":19},"end":{"line":58,"column":53}},"24":{"start":{"line":60,"column":8},"end":{"line":62,"column":9}},"25":{"start":{"line":61,"column":12},"end":{"line":61,"column":77}},"26":{"start":{"line":64,"column":21},"end":{"line":64,"column":42}},"27":{"start":{"line":65,"column":8},"end":{"line":65,"column":32}},"28":{"start":{"line":70,"column":0},"end":{"line":72,"column":3}},"29":{"start":{"line":71,"column":4},"end":{"line":71,"column":24}},"30":{"start":{"line":74,"column":0},"end":{"line":83,"column":3}},"31":{"start":{"line":76,"column":17},"end":{"line":76,"column":34}},"32":{"start":{"line":78,"column":4},"end":{"line":82,"column":5}},"33":{"start":{"line":79,"column":8},"end":{"line":79,"column":25}},"34":{"start":{"line":81,"column":8},"end":{"line":81,"column":26}},"35":{"start":{"line":87,"column":0},"end":{"line":87,"column":31}},"36":{"start":{"line":88,"column":0},"end":{"line":88,"column":28}},"37":{"start":{"line":92,"column":0},"end":{"line":92,"column":25}},"38":{"start":{"line":96,"column":0},"end":{"line":98,"column":3}},"39":{"start":{"line":97,"column":4},"end":{"line":97,"column":78}},"40":{"start":{"line":100,"column":0},"end":{"line":100,"column":23}}},"fnMap":{"0":{"name":"(anonymous_0)","decl":{"start":{"line":29,"column":12},"end":{"line":29,"column":13}},"loc":{"start":{"line":29,"column":35},"end":{"line":32,"column":1}},"line":29},"1":{"name":"(anonymous_1)","decl":{"start":{"line":56,"column":4},"end":{"line":56,"column":5}},"loc":{"start":{"line":56,"column":38},"end":{"line":66,"column":5}},"line":56},"2":{"name":"(anonymous_2)","decl":{"start":{"line":70,"column":23},"end":{"line":70,"column":24}},"loc":{"start":{"line":70,"column":45},"end":{"line":72,"column":1}},"line":70},"3":{"name":"(anonymous_3)","decl":{"start":{"line":74,"column":25},"end":{"line":74,"column":26}},"loc":{"start":{"line":74,"column":45},"end":{"line":83,"column":1}},"line":74},"4":{"name":"(anonymous_4)","decl":{"start":{"line":96,"column":8},"end":{"line":96,"column":9}},"loc":{"start":{"line":96,"column":28},"end":{"line":98,"column":1}},"line":96}},"branchMap":{"0":{"loc":{"start":{"line":18,"column":0},"end":{"line":21,"column":1}},"type":"if","locations":[{"start":{"line":18,"column":0},"end":{"line":21,"column":1}},{"start":{"line":18,"column":0},"end":{"line":21,"column":1}}],"line":18},"1":{"loc":{"start":{"line":60,"column":8},"end":{"line":62,"column":9}},"type":"if","locations":[{"start":{"line":60,"column":8},"end":{"line":62,"column":9}},{"start":{"line":60,"column":8},"end":{"line":62,"column":9}}],"line":60},"2":{"loc":{"start":{"line":78,"column":4},"end":{"line":82,"column":5}},"type":"if","locations":[{"start":{"line":78,"column":4},"end":{"line":82,"column":5}},{"start":{"line":78,"column":4},"end":{"line":82,"column":5}}],"line":78}},"s":{"0":4,"1":4,"2":4,"3":4,"4":4,"5":4,"6":4,"7":4,"8":4,"9":4,"10":4,"11":4,"12":4,"13":4,"14":0,"15":0,"16":4,"17":4,"18":4,"19":0,"20":4,"21":4,"22":4,"23":13,"24":13,"25":2,"26":11,"27":11,"28":4,"29":11,"30":4,"31":7,"32":7,"33":7,"34":0,"35":4,"36":4,"37":4,"38":4,"39":0,"40":4},"f":{"0":0,"1":13,"2":11,"3":7,"4":0},"b":{"0":[0,4],"1":[2,11],"2":[7,0]},"_coverageSchema":"43e27e138ebf9cfc5966b082cf9a028302ed4184","hash":"c2838d89b55441b9d051cbd6cffcf7e370a7ca02"}
,"/Users/joakimstolen/Desktop/Exam_PGR6301/src/server/server.js": {"path":"/Users/joakimstolen/Desktop/Exam_PGR6301/src/server/server.js","statementMap":{"0":{"start":{"line":1,"column":14},"end":{"line":1,"column":30}},"1":{"start":{"line":3,"column":13},"end":{"line":3,"column":37}},"2":{"start":{"line":5,"column":0},"end":{"line":7,"column":3}},"3":{"start":{"line":6,"column":4},"end":{"line":6,"column":50}}},"fnMap":{"0":{"name":"(anonymous_0)","decl":{"start":{"line":5,"column":17},"end":{"line":5,"column":18}},"loc":{"start":{"line":5,"column":23},"end":{"line":7,"column":1}},"line":5}},"branchMap":{"0":{"loc":{"start":{"line":3,"column":13},"end":{"line":3,"column":37}},"type":"binary-expr","locations":[{"start":{"line":3,"column":13},"end":{"line":3,"column":29}},{"start":{"line":3,"column":33},"end":{"line":3,"column":37}}],"line":3}},"s":{"0":0,"1":0,"2":0,"3":0},"f":{"0":0},"b":{"0":[0,0]},"hash":"3e47d5f985e3dbff25ae83a0862e1e83ee602388"}
,"/Users/joakimstolen/Desktop/Exam_PGR6301/src/server/db/users.js": {"path":"/Users/joakimstolen/Desktop/Exam_PGR6301/src/server/db/users.js","statementMap":{"0":{"start":{"line":2,"column":14},"end":{"line":2,"column":23}},"1":{"start":{"line":7,"column":4},"end":{"line":7,"column":25}},"2":{"start":{"line":13,"column":17},"end":{"line":13,"column":28}},"3":{"start":{"line":15,"column":4},"end":{"line":17,"column":5}},"4":{"start":{"line":16,"column":8},"end":{"line":16,"column":21}},"5":{"start":{"line":19,"column":4},"end":{"line":19,"column":38}},"6":{"start":{"line":24,"column":4},"end":{"line":26,"column":5}},"7":{"start":{"line":25,"column":8},"end":{"line":25,"column":21}},"8":{"start":{"line":28,"column":17},"end":{"line":31,"column":5}},"9":{"start":{"line":33,"column":4},"end":{"line":33,"column":24}},"10":{"start":{"line":34,"column":4},"end":{"line":34,"column":16}},"11":{"start":{"line":40,"column":4},"end":{"line":40,"column":18}},"12":{"start":{"line":45,"column":0},"end":{"line":45,"column":66}}},"fnMap":{"0":{"name":"getUser","decl":{"start":{"line":5,"column":9},"end":{"line":5,"column":16}},"loc":{"start":{"line":5,"column":20},"end":{"line":8,"column":1}},"line":5},"1":{"name":"verifyUser","decl":{"start":{"line":11,"column":9},"end":{"line":11,"column":19}},"loc":{"start":{"line":11,"column":33},"end":{"line":20,"column":1}},"line":11},"2":{"name":"createUser","decl":{"start":{"line":22,"column":9},"end":{"line":22,"column":19}},"loc":{"start":{"line":22,"column":33},"end":{"line":35,"column":1}},"line":22},"3":{"name":"resetAllUsers","decl":{"start":{"line":39,"column":9},"end":{"line":39,"column":22}},"loc":{"start":{"line":39,"column":24},"end":{"line":41,"column":1}},"line":39}},"branchMap":{"0":{"loc":{"start":{"line":15,"column":4},"end":{"line":17,"column":5}},"type":"if","locations":[{"start":{"line":15,"column":4},"end":{"line":17,"column":5}},{"start":{"line":15,"column":4},"end":{"line":17,"column":5}}],"line":15},"1":{"loc":{"start":{"line":24,"column":4},"end":{"line":26,"column":5}},"type":"if","locations":[{"start":{"line":24,"column":4},"end":{"line":26,"column":5}},{"start":{"line":24,"column":4},"end":{"line":26,"column":5}}],"line":24}},"s":{"0":4,"1":49,"2":13,"3":13,"4":2,"5":11,"6":16,"7":2,"8":14,"9":14,"10":14,"11":19,"12":4},"f":{"0":49,"1":13,"2":16,"3":19},"b":{"0":[2,11],"1":[2,14]},"_coverageSchema":"43e27e138ebf9cfc5966b082cf9a028302ed4184","hash":"1280ae018b5b247a8487dc1d69593fb079121cc7"}
,"/Users/joakimstolen/Desktop/Exam_PGR6301/src/server/routes/auth-api.js": {"path":"/Users/joakimstolen/Desktop/Exam_PGR6301/src/server/routes/auth-api.js","statementMap":{"0":{"start":{"line":1,"column":16},"end":{"line":1,"column":34}},"1":{"start":{"line":2,"column":17},"end":{"line":2,"column":36}},"2":{"start":{"line":3,"column":14},"end":{"line":3,"column":36}},"3":{"start":{"line":5,"column":15},"end":{"line":5,"column":31}},"4":{"start":{"line":7,"column":0},"end":{"line":10,"column":3}},"5":{"start":{"line":9,"column":4},"end":{"line":9,"column":27}},"6":{"start":{"line":12,"column":0},"end":{"line":31,"column":3}},"7":{"start":{"line":14,"column":20},"end":{"line":14,"column":72}},"8":{"start":{"line":16,"column":4},"end":{"line":19,"column":5}},"9":{"start":{"line":17,"column":8},"end":{"line":17,"column":31}},"10":{"start":{"line":18,"column":8},"end":{"line":18,"column":15}},"11":{"start":{"line":21,"column":4},"end":{"line":30,"column":7}},"12":{"start":{"line":22,"column":8},"end":{"line":29,"column":11}},"13":{"start":{"line":23,"column":12},"end":{"line":28,"column":13}},"14":{"start":{"line":25,"column":16},"end":{"line":25,"column":39}},"15":{"start":{"line":27,"column":16},"end":{"line":27,"column":39}},"16":{"start":{"line":33,"column":0},"end":{"line":37,"column":3}},"17":{"start":{"line":35,"column":4},"end":{"line":35,"column":17}},"18":{"start":{"line":36,"column":4},"end":{"line":36,"column":27}},"19":{"start":{"line":40,"column":0},"end":{"line":54,"column":3}},"20":{"start":{"line":42,"column":4},"end":{"line":45,"column":5}},"21":{"start":{"line":43,"column":8},"end":{"line":43,"column":31}},"22":{"start":{"line":44,"column":8},"end":{"line":44,"column":15}},"23":{"start":{"line":47,"column":4},"end":{"line":53,"column":6}},"24":{"start":{"line":57,"column":0},"end":{"line":57,"column":24}}},"fnMap":{"0":{"name":"(anonymous_0)","decl":{"start":{"line":7,"column":54},"end":{"line":7,"column":55}},"loc":{"start":{"line":7,"column":68},"end":{"line":10,"column":1}},"line":7},"1":{"name":"(anonymous_1)","decl":{"start":{"line":12,"column":23},"end":{"line":12,"column":24}},"loc":{"start":{"line":12,"column":43},"end":{"line":31,"column":1}},"line":12},"2":{"name":"(anonymous_2)","decl":{"start":{"line":21,"column":45},"end":{"line":21,"column":46}},"loc":{"start":{"line":21,"column":51},"end":{"line":30,"column":5}},"line":21},"3":{"name":"(anonymous_3)","decl":{"start":{"line":22,"column":25},"end":{"line":22,"column":26}},"loc":{"start":{"line":22,"column":34},"end":{"line":29,"column":9}},"line":22},"4":{"name":"(anonymous_4)","decl":{"start":{"line":33,"column":23},"end":{"line":33,"column":24}},"loc":{"start":{"line":33,"column":43},"end":{"line":37,"column":1}},"line":33},"5":{"name":"(anonymous_5)","decl":{"start":{"line":40,"column":20},"end":{"line":40,"column":21}},"loc":{"start":{"line":40,"column":40},"end":{"line":54,"column":1}},"line":40}},"branchMap":{"0":{"loc":{"start":{"line":16,"column":4},"end":{"line":19,"column":5}},"type":"if","locations":[{"start":{"line":16,"column":4},"end":{"line":19,"column":5}},{"start":{"line":16,"column":4},"end":{"line":19,"column":5}}],"line":16},"1":{"loc":{"start":{"line":23,"column":12},"end":{"line":28,"column":13}},"type":"if","locations":[{"start":{"line":23,"column":12},"end":{"line":28,"column":13}},{"start":{"line":23,"column":12},"end":{"line":28,"column":13}}],"line":23},"2":{"loc":{"start":{"line":42,"column":4},"end":{"line":45,"column":5}},"type":"if","locations":[{"start":{"line":42,"column":4},"end":{"line":45,"column":5}},{"start":{"line":42,"column":4},"end":{"line":45,"column":5}}],"line":42}},"s":{"0":4,"1":4,"2":4,"3":4,"4":4,"5":3,"6":4,"7":10,"8":10,"9":2,"10":2,"11":8,"12":8,"13":8,"14":0,"15":8,"16":4,"17":3,"18":3,"19":4,"20":9,"21":4,"22":4,"23":5,"24":4},"f":{"0":3,"1":10,"2":8,"3":8,"4":3,"5":9},"b":{"0":[2,8],"1":[0,8],"2":[4,5]},"_coverageSchema":"43e27e138ebf9cfc5966b082cf9a028302ed4184","hash":"a210d30153a1af126413f09d9096410099d54dcb"}
,"/Users/joakimstolen/Desktop/Exam_PGR6301/src/server/routes/routes.js": {"path":"/Users/joakimstolen/Desktop/Exam_PGR6301/src/server/routes/routes.js","statementMap":{"0":{"start":{"line":1,"column":16},"end":{"line":1,"column":34}},"1":{"start":{"line":3,"column":26},"end":{"line":3,"column":48}},"2":{"start":{"line":5,"column":18},"end":{"line":5,"column":44}},"3":{"start":{"line":6,"column":15},"end":{"line":6,"column":31}},"4":{"start":{"line":10,"column":0},"end":{"line":22,"column":3}},"5":{"start":{"line":11,"column":4},"end":{"line":14,"column":5}},"6":{"start":{"line":12,"column":8},"end":{"line":12,"column":31}},"7":{"start":{"line":13,"column":8},"end":{"line":13,"column":15}},"8":{"start":{"line":16,"column":17},"end":{"line":16,"column":28}},"9":{"start":{"line":18,"column":20},"end":{"line":18,"column":44}},"10":{"start":{"line":19,"column":4},"end":{"line":19,"column":24}},"11":{"start":{"line":21,"column":4},"end":{"line":21,"column":34}},"12":{"start":{"line":24,"column":0},"end":{"line":29,"column":3}},"13":{"start":{"line":26,"column":20},"end":{"line":26,"column":37}},"14":{"start":{"line":27,"column":4},"end":{"line":27,"column":24}},"15":{"start":{"line":28,"column":4},"end":{"line":28,"column":34}},"16":{"start":{"line":35,"column":0},"end":{"line":39,"column":3}},"17":{"start":{"line":36,"column":20},"end":{"line":36,"column":37}},"18":{"start":{"line":37,"column":4},"end":{"line":37,"column":24}},"19":{"start":{"line":38,"column":4},"end":{"line":38,"column":34}},"20":{"start":{"line":41,"column":0},"end":{"line":57,"column":3}},"21":{"start":{"line":42,"column":4},"end":{"line":46,"column":5}},"22":{"start":{"line":43,"column":8},"end":{"line":43,"column":24}},"23":{"start":{"line":44,"column":8},"end":{"line":44,"column":19}},"24":{"start":{"line":45,"column":8},"end":{"line":45,"column":15}},"25":{"start":{"line":48,"column":20},"end":{"line":48,"column":57}},"26":{"start":{"line":50,"column":4},"end":{"line":54,"column":5}},"27":{"start":{"line":51,"column":8},"end":{"line":51,"column":24}},"28":{"start":{"line":53,"column":8},"end":{"line":53,"column":24}},"29":{"start":{"line":56,"column":4},"end":{"line":56,"column":15}},"30":{"start":{"line":60,"column":0},"end":{"line":71,"column":3}},"31":{"start":{"line":61,"column":4},"end":{"line":61,"column":25}},"32":{"start":{"line":62,"column":20},"end":{"line":62,"column":58}},"33":{"start":{"line":64,"column":4},"end":{"line":68,"column":5}},"34":{"start":{"line":65,"column":8},"end":{"line":65,"column":24}},"35":{"start":{"line":67,"column":8},"end":{"line":67,"column":24}},"36":{"start":{"line":70,"column":4},"end":{"line":70,"column":15}},"37":{"start":{"line":73,"column":0},"end":{"line":73,"column":24}}},"fnMap":{"0":{"name":"(anonymous_0)","decl":{"start":{"line":10,"column":27},"end":{"line":10,"column":28}},"loc":{"start":{"line":10,"column":41},"end":{"line":22,"column":1}},"line":10},"1":{"name":"(anonymous_1)","decl":{"start":{"line":24,"column":27},"end":{"line":24,"column":28}},"loc":{"start":{"line":24,"column":41},"end":{"line":29,"column":1}},"line":24},"2":{"name":"(anonymous_2)","decl":{"start":{"line":35,"column":25},"end":{"line":35,"column":26}},"loc":{"start":{"line":35,"column":39},"end":{"line":39,"column":1}},"line":35},"3":{"name":"(anonymous_3)","decl":{"start":{"line":41,"column":34},"end":{"line":41,"column":35}},"loc":{"start":{"line":41,"column":48},"end":{"line":57,"column":1}},"line":41},"4":{"name":"(anonymous_4)","decl":{"start":{"line":60,"column":37},"end":{"line":60,"column":38}},"loc":{"start":{"line":60,"column":51},"end":{"line":71,"column":1}},"line":60}},"branchMap":{"0":{"loc":{"start":{"line":11,"column":4},"end":{"line":14,"column":5}},"type":"if","locations":[{"start":{"line":11,"column":4},"end":{"line":14,"column":5}},{"start":{"line":11,"column":4},"end":{"line":14,"column":5}}],"line":11},"1":{"loc":{"start":{"line":42,"column":4},"end":{"line":46,"column":5}},"type":"if","locations":[{"start":{"line":42,"column":4},"end":{"line":46,"column":5}},{"start":{"line":42,"column":4},"end":{"line":46,"column":5}}],"line":42},"2":{"loc":{"start":{"line":50,"column":4},"end":{"line":54,"column":5}},"type":"if","locations":[{"start":{"line":50,"column":4},"end":{"line":54,"column":5}},{"start":{"line":50,"column":4},"end":{"line":54,"column":5}}],"line":50},"3":{"loc":{"start":{"line":64,"column":4},"end":{"line":68,"column":5}},"type":"if","locations":[{"start":{"line":64,"column":4},"end":{"line":68,"column":5}},{"start":{"line":64,"column":4},"end":{"line":68,"column":5}}],"line":64}},"s":{"0":0,"1":0,"2":0,"3":0,"4":0,"5":0,"6":0,"7":0,"8":0,"9":0,"10":0,"11":0,"12":0,"13":0,"14":0,"15":0,"16":0,"17":0,"18":0,"19":0,"20":0,"21":0,"22":0,"23":0,"24":0,"25":0,"26":0,"27":0,"28":0,"29":0,"30":0,"31":0,"32":0,"33":0,"34":0,"35":0,"36":0,"37":0},"f":{"0":0,"1":0,"2":0,"3":0,"4":0},"b":{"0":[0,0],"1":[0,0],"2":[0,0],"3":[0,0]},"hash":"eb97f790b97c53ae13a9ab6828e73747c7ae6ccd"}
}
