TN:
SF:/Users/joakimstolen/Desktop/Exam_PGR6301/src/client/auctionItem.jsx
FN:5,(anonymous_0)
FN:21,(anonymous_1)
FN:42,(anonymous_2)
FN:46,(anonymous_3)
FN:50,(anonymous_4)
FN:54,(anonymous_5)
FN:60,(anonymous_6)
FNF:7
FNH:0
FNDA:0,(anonymous_0)
FNDA:0,(anonymous_1)
FNDA:0,(anonymous_2)
FNDA:0,(anonymous_3)
FNDA:0,(anonymous_4)
FNDA:0,(anonymous_5)
FNDA:0,(anonymous_6)
DA:6,0
DA:9,0
DA:18,0
DA:21,0
DA:22,0
DA:24,0
DA:34,0
DA:35,0
DA:37,0
DA:42,0
DA:43,0
DA:46,0
DA:47,0
DA:50,0
DA:51,0
DA:54,0
DA:55,0
DA:62,0
LF:18
LH:0
BRDA:10,0,0,0
BRDA:10,0,1,0
BRDA:11,1,0,0
BRDA:11,1,1,0
BRDA:12,2,0,0
BRDA:12,2,1,0
BRDA:13,3,0,0
BRDA:13,3,1,0
BRDA:14,4,0,0
BRDA:14,4,1,0
BRDA:15,5,0,0
BRDA:15,5,1,0
BRDA:18,6,0,0
BRDA:18,6,1,0
BRDA:34,7,0,0
BRDA:34,7,1,0
BRF:16
BRH:0
end_of_record
TN:
SF:/Users/joakimstolen/Desktop/Exam_PGR6301/src/client/auctionItemBid.jsx
FN:5,(anonymous_0)
FN:22,(anonymous_1)
FN:50,(anonymous_2)
FN:55,(anonymous_3)
FNF:4
FNH:2
FNDA:1,(anonymous_0)
FNDA:0,(anonymous_1)
FNDA:0,(anonymous_2)
FNDA:1,(anonymous_3)
DA:6,1
DA:8,1
DA:17,1
DA:22,1
DA:23,0
DA:25,0
DA:26,0
DA:36,0
DA:37,0
DA:38,0
DA:40,0
DA:43,0
DA:50,1
DA:51,0
DA:57,1
LF:15
LH:6
BRDA:9,0,0,0
BRDA:9,0,1,1
BRDA:10,1,0,0
BRDA:10,1,1,1
BRDA:11,2,0,0
BRDA:11,2,1,1
BRDA:12,3,0,0
BRDA:12,3,1,1
BRDA:13,4,0,0
BRDA:13,4,1,1
BRDA:17,5,0,0
BRDA:17,5,1,1
BRDA:25,6,0,0
BRDA:25,6,1,0
BRDA:25,7,0,0
BRDA:25,7,1,0
BRDA:37,8,0,0
BRDA:37,8,1,0
BRF:18
BRH:6
end_of_record
TN:
SF:/Users/joakimstolen/Desktop/Exam_PGR6301/src/client/bid.jsx
FN:7,(anonymous_0)
FN:24,(anonymous_1)
FN:34,(anonymous_2)
FN:67,(anonymous_3)
FN:90,(anonymous_4)
FNF:5
FNH:0
FNDA:0,(anonymous_0)
FNDA:0,(anonymous_1)
FNDA:0,(anonymous_2)
FNDA:0,(anonymous_3)
FNDA:0,(anonymous_4)
DA:8,0
DA:11,0
DA:16,0
DA:18,0
DA:19,0
DA:25,0
DA:26,0
DA:29,0
DA:30,0
DA:36,0
DA:41,0
DA:42,0
DA:43,0
DA:45,0
DA:49,0
DA:52,0
DA:53,0
DA:58,0
DA:67,0
DA:68,0
DA:70,0
DA:74,0
DA:75,0
DA:83,0
DA:86,0
DA:91,0
DA:92,0
DA:94,0
DA:95,0
DA:102,0
DA:103,0
DA:109,0
LF:32
LH:0
BRDA:18,0,0,0
BRDA:18,0,1,0
BRDA:25,1,0,0
BRDA:25,1,1,0
BRDA:29,2,0,0
BRDA:29,2,1,0
BRDA:52,3,0,0
BRDA:52,3,1,0
BRDA:92,4,0,0
BRDA:92,4,1,0
BRDA:94,5,0,0
BRDA:94,5,1,0
BRDA:102,6,0,0
BRDA:102,6,1,0
BRDA:111,7,0,0
BRDA:111,7,1,0
BRF:16
BRH:0
end_of_record
TN:
SF:/Users/joakimstolen/Desktop/Exam_PGR6301/src/client/create.jsx
FN:10,(anonymous_0)
FN:14,(anonymous_1)
FN:20,(anonymous_2)
FN:44,(anonymous_3)
FNF:4
FNH:0
FNDA:0,(anonymous_0)
FNDA:0,(anonymous_1)
FNDA:0,(anonymous_2)
FNDA:0,(anonymous_3)
DA:11,0
DA:15,0
DA:16,0
DA:20,0
DA:21,0
DA:23,0
DA:27,0
DA:28,0
DA:36,0
DA:39,0
DA:45,0
DA:46,0
DA:48,0
LF:13
LH:0
BRDA:15,0,0,0
BRDA:15,0,1,0
BRDA:46,1,0,0
BRDA:46,1,1,0
BRDA:50,2,0,0
BRDA:50,2,1,0
BRF:6
BRH:0
end_of_record
TN:
SF:/Users/joakimstolen/Desktop/Exam_PGR6301/src/client/headerbar.jsx
FN:6,(anonymous_0)
FN:10,(anonymous_1)
FN:31,(anonymous_2)
FN:45,(anonymous_3)
FN:61,(anonymous_4)
FNF:5
FNH:5
FNDA:3,(anonymous_0)
FNDA:1,(anonymous_1)
FNDA:2,(anonymous_2)
FNDA:1,(anonymous_3)
FNDA:3,(anonymous_4)
DA:7,3
DA:10,3
DA:11,1
DA:15,1
DA:16,1
DA:18,0
DA:19,0
DA:22,1
DA:23,0
DA:24,0
DA:27,1
DA:28,1
DA:32,2
DA:46,1
DA:62,3
DA:65,3
DA:66,1
DA:68,2
DA:71,3
LF:19
LH:15
BRDA:22,0,0,0
BRDA:22,0,1,1
BRDA:65,1,0,1
BRDA:65,1,1,2
BRF:4
BRH:3
end_of_record
TN:
SF:/Users/joakimstolen/Desktop/Exam_PGR6301/src/client/home.jsx
FN:6,(anonymous_0)
FN:14,(anonymous_1)
FN:23,(anonymous_2)
FNF:3
FNH:3
FNDA:2,(anonymous_0)
FNDA:2,(anonymous_1)
FNDA:2,(anonymous_2)
DA:7,2
DA:9,2
DA:15,2
DA:16,1
DA:25,2
DA:27,2
LF:6
LH:6
BRDA:15,0,0,1
BRDA:15,0,1,1
BRDA:41,1,0,1
BRDA:41,1,1,1
BRF:4
BRH:4
end_of_record
TN:
SF:/Users/joakimstolen/Desktop/Exam_PGR6301/src/client/index.jsx
FN:15,(anonymous_0)
FN:23,(anonymous_1)
FN:28,(anonymous_2)
FN:33,(anonymous_3)
FN:62,(anonymous_4)
FN:66,(anonymous_5)
FN:77,(anonymous_6)
FN:87,(anonymous_7)
FN:88,(anonymous_8)
FN:90,(anonymous_9)
FN:95,(anonymous_10)
FN:102,(anonymous_11)
FN:110,(anonymous_12)
FNF:13
FNH:0
FNDA:0,(anonymous_0)
FNDA:0,(anonymous_1)
FNDA:0,(anonymous_2)
FNDA:0,(anonymous_3)
FNDA:0,(anonymous_4)
FNDA:0,(anonymous_5)
FNDA:0,(anonymous_6)
FNDA:0,(anonymous_7)
FNDA:0,(anonymous_8)
FNDA:0,(anonymous_9)
FNDA:0,(anonymous_10)
FNDA:0,(anonymous_11)
FNDA:0,(anonymous_12)
DA:16,0
DA:18,0
DA:24,0
DA:29,0
DA:33,0
DA:35,0
DA:39,0
DA:40,0
DA:44,0
DA:45,0
DA:48,0
DA:50,0
DA:51,0
DA:54,0
DA:57,0
DA:58,0
DA:62,0
DA:63,0
DA:67,0
DA:78,0
DA:80,0
DA:87,0
DA:88,0
DA:90,0
DA:95,0
DA:102,0
DA:110,0
DA:126,0
LF:28
LH:0
BRDA:48,0,0,0
BRDA:48,0,1,0
BRDA:54,1,0,0
BRDA:54,1,1,0
BRDA:78,2,0,0
BRDA:78,2,1,0
BRF:6
BRH:0
end_of_record
TN:
SF:/Users/joakimstolen/Desktop/Exam_PGR6301/src/client/items.jsx
FN:7,(anonymous_0)
FN:18,(anonymous_1)
FN:27,(anonymous_2)
FN:59,(anonymous_3)
FN:82,(anonymous_4)
FN:113,(anonymous_5)
FN:138,(anonymous_6)
FN:160,(anonymous_7)
FN:164,(anonymous_8)
FNF:9
FNH:5
FNDA:2,(anonymous_0)
FNDA:2,(anonymous_1)
FNDA:2,(anonymous_2)
FNDA:0,(anonymous_3)
FNDA:0,(anonymous_4)
FNDA:4,(anonymous_5)
FNDA:5,(anonymous_6)
FNDA:0,(anonymous_7)
FNDA:0,(anonymous_8)
DA:8,2
DA:10,2
DA:20,2
DA:21,0
DA:24,2
DA:28,2
DA:33,2
DA:34,2
DA:35,2
DA:37,0
DA:41,0
DA:44,2
DA:45,2
DA:50,0
DA:59,2
DA:60,0
DA:64,0
DA:65,0
DA:67,0
DA:68,0
DA:71,0
DA:72,0
DA:73,0
DA:76,0
DA:78,0
DA:82,2
DA:83,0
DA:85,0
DA:86,0
DA:88,0
DA:91,0
DA:96,0
DA:97,0
DA:105,0
DA:108,0
DA:109,0
DA:115,4
DA:116,4
DA:120,4
DA:121,0
DA:122,4
DA:123,2
DA:125,2
DA:139,5
DA:160,0
DA:164,0
DA:186,4
LF:47
LH:20
BRDA:20,0,0,0
BRDA:20,0,1,2
BRDA:44,1,0,2
BRDA:44,1,1,0
BRDA:71,2,0,0
BRDA:71,2,1,0
BRDA:85,3,0,0
BRDA:85,3,1,0
BRDA:116,4,0,4
BRDA:116,4,1,4
BRDA:120,5,0,0
BRDA:120,5,1,4
BRDA:122,6,0,2
BRDA:122,6,1,2
BRDA:122,7,0,4
BRDA:122,7,1,2
BRDA:144,8,0,4
BRDA:144,8,1,1
BRDA:150,9,0,0
BRDA:150,9,1,5
BRDA:152,10,0,0
BRDA:152,10,1,0
BRDA:152,10,2,0
BRDA:159,11,0,0
BRDA:159,11,1,0
BRDA:163,12,0,0
BRDA:163,12,1,0
BRDA:189,13,0,0
BRDA:189,13,1,4
BRF:29
BRH:13
end_of_record
TN:
SF:/Users/joakimstolen/Desktop/Exam_PGR6301/src/client/login.jsx
FN:7,(anonymous_0)
FN:17,(anonymous_1)
FN:21,(anonymous_2)
FN:25,(anonymous_3)
FN:64,(anonymous_4)
FNF:5
FNH:5
FNDA:3,(anonymous_0)
FNDA:2,(anonymous_1)
FNDA:2,(anonymous_2)
FNDA:2,(anonymous_3)
FNDA:9,(anonymous_4)
DA:8,3
DA:10,3
DA:17,3
DA:18,2
DA:21,3
DA:22,2
DA:25,3
DA:26,2
DA:28,2
DA:30,2
DA:34,2
DA:35,2
DA:43,0
DA:44,0
DA:48,2
DA:49,1
DA:50,1
DA:53,1
DA:54,0
DA:55,0
DA:58,1
DA:59,1
DA:60,1
DA:66,9
DA:67,9
DA:68,1
DA:72,9
LF:27
LH:23
BRDA:48,0,0,1
BRDA:48,0,1,1
BRDA:53,1,0,0
BRDA:53,1,1,1
BRDA:67,2,0,1
BRDA:67,2,1,8
BRF:6
BRH:5
end_of_record
TN:
SF:/Users/joakimstolen/Desktop/Exam_PGR6301/src/client/signup.jsx
FN:6,(anonymous_0)
FN:17,(anonymous_1)
FN:21,(anonymous_2)
FN:25,(anonymous_3)
FN:29,(anonymous_4)
FN:73,(anonymous_5)
FNF:6
FNH:6
FNDA:4,(anonymous_0)
FNDA:3,(anonymous_1)
FNDA:3,(anonymous_2)
FNDA:3,(anonymous_3)
FNDA:3,(anonymous_4)
FNDA:16,(anonymous_5)
DA:7,4
DA:9,4
DA:17,4
DA:18,3
DA:21,4
DA:22,3
DA:25,4
DA:26,3
DA:29,4
DA:31,3
DA:33,3
DA:34,1
DA:35,1
DA:38,2
DA:40,2
DA:44,2
DA:45,2
DA:53,0
DA:54,0
DA:58,2
DA:59,1
DA:60,1
DA:63,1
DA:64,0
DA:65,0
DA:68,1
DA:69,1
DA:70,1
DA:75,16
DA:76,16
DA:77,2
DA:80,16
DA:81,16
DA:82,5
DA:85,16
LF:35
LH:31
BRDA:33,0,0,1
BRDA:33,0,1,2
BRDA:58,1,0,1
BRDA:58,1,1,1
BRDA:63,2,0,0
BRDA:63,2,1,1
BRDA:76,3,0,2
BRDA:76,3,1,14
BRDA:81,4,0,5
BRDA:81,4,1,11
BRF:10
BRH:9
end_of_record
TN:
SF:/Users/joakimstolen/Desktop/Exam_PGR6301/src/server/app.js
FN:36,(anonymous_0)
FN:46,(anonymous_1)
FN:51,(anonymous_2)
FN:63,(anonymous_3)
FN:74,(anonymous_4)
FN:85,(anonymous_5)
FN:105,(anonymous_6)
FN:133,(anonymous_7)
FN:147,(anonymous_8)
FN:151,(anonymous_9)
FN:175,(anonymous_10)
FNF:11
FNH:8
FNDA:0,(anonymous_0)
FNDA:8,(anonymous_1)
FNDA:5,(anonymous_2)
FNDA:4,(anonymous_3)
FNDA:1,(anonymous_4)
FNDA:0,(anonymous_5)
FNDA:0,(anonymous_6)
FNDA:14,(anonymous_7)
FNDA:12,(anonymous_8)
FNDA:8,(anonymous_9)
FNDA:2,(anonymous_10)
DA:1,6
DA:2,6
DA:3,6
DA:4,6
DA:5,6
DA:6,6
DA:7,6
DA:8,6
DA:9,6
DA:10,6
DA:12,6
DA:14,6
DA:15,6
DA:18,6
DA:19,6
DA:20,6
DA:21,6
DA:22,6
DA:25,6
DA:26,0
DA:27,0
DA:30,6
DA:33,6
DA:36,6
DA:37,0
DA:46,6
DA:48,8
DA:51,6
DA:52,5
DA:54,5
DA:55,1
DA:56,1
DA:58,4
DA:63,6
DA:64,4
DA:65,4
DA:66,4
DA:68,0
DA:71,4
DA:74,6
DA:76,1
DA:78,1
DA:79,1
DA:80,1
DA:81,1
DA:85,6
DA:86,0
DA:87,0
DA:88,0
DA:89,0
DA:92,0
DA:94,0
DA:95,0
DA:97,0
DA:100,0
DA:105,6
DA:106,0
DA:107,0
DA:115,6
DA:122,6
DA:128,6
DA:135,14
DA:137,14
DA:138,2
DA:141,12
DA:142,12
DA:147,6
DA:148,12
DA:151,6
DA:153,8
DA:155,8
DA:156,8
DA:158,0
DA:166,6
DA:167,6
DA:171,6
DA:175,6
DA:176,2
DA:179,6
LF:79
LH:63
BRDA:25,0,0,0
BRDA:25,0,1,6
BRDA:54,1,0,1
BRDA:54,1,1,4
BRDA:65,2,0,4
BRDA:65,2,1,0
BRDA:86,3,0,0
BRDA:86,3,1,0
BRDA:94,4,0,0
BRDA:94,4,1,0
BRDA:137,5,0,2
BRDA:137,5,1,12
BRDA:155,6,0,8
BRDA:155,6,1,0
BRF:14
BRH:7
end_of_record
TN:
SF:/Users/joakimstolen/Desktop/Exam_PGR6301/src/server/server.js
FN:6,(anonymous_0)
FNF:1
FNH:0
FNDA:0,(anonymous_0)
DA:1,0
DA:2,0
DA:4,0
DA:6,0
DA:7,0
DA:8,0
LF:6
LH:0
BRDA:4,0,0,0
BRDA:4,0,1,0
BRF:2
BRH:0
end_of_record
TN:
SF:/Users/joakimstolen/Desktop/Exam_PGR6301/src/server/db/items.js
FN:7,initWithItems
FN:19,createNewItem
FN:40,deleteItem
FN:44,getItem
FN:48,getAllItems
FN:52,updateItem
FNF:6
FNH:5
FNDA:6,initWithItems
FNDA:25,createNewItem
FNDA:4,deleteItem
FNDA:5,getItem
FNDA:9,getAllItems
FNDA:0,updateItem
DA:2,6
DA:4,6
DA:8,6
DA:9,6
DA:11,6
DA:12,6
DA:13,6
DA:14,6
DA:20,25
DA:21,25
DA:23,25
DA:25,25
DA:35,25
DA:36,25
DA:41,4
DA:45,5
DA:49,9
DA:53,0
DA:54,0
DA:57,0
DA:58,0
DA:61,6
LF:22
LH:18
BRDA:53,0,0,0
BRDA:53,0,1,0
BRF:2
BRH:0
end_of_record
TN:
SF:/Users/joakimstolen/Desktop/Exam_PGR6301/src/server/db/users.js
FN:5,getUser
FN:11,verifyUser
FN:22,createUser
FN:41,resetAllUsers
FNF:4
FNH:4
FNDA:79,getUser
FNDA:14,verifyUser
FNDA:43,createUser
FNDA:19,resetAllUsers
DA:2,6
DA:3,6
DA:7,79
DA:13,14
DA:15,14
DA:16,2
DA:19,12
DA:24,43
DA:25,2
DA:28,41
DA:33,41
DA:35,41
DA:36,41
DA:42,19
DA:47,6
LF:15
LH:15
BRDA:15,0,0,2
BRDA:15,0,1,12
BRDA:24,1,0,2
BRDA:24,1,1,41
BRF:4
BRH:4
end_of_record
TN:
SF:/Users/joakimstolen/Desktop/Exam_PGR6301/src/server/routes/auth-api.js
FN:7,(anonymous_0)
FN:12,(anonymous_1)
FN:21,(anonymous_2)
FN:22,(anonymous_3)
FN:33,(anonymous_4)
FN:40,(anonymous_5)
FNF:6
FNH:6
FNDA:3,(anonymous_0)
FNDA:11,(anonymous_1)
FNDA:9,(anonymous_2)
FNDA:9,(anonymous_3)
FNDA:3,(anonymous_4)
FNDA:9,(anonymous_5)
DA:1,6
DA:2,6
DA:3,6
DA:5,6
DA:7,6
DA:9,3
DA:12,6
DA:14,11
DA:16,11
DA:17,2
DA:18,2
DA:21,9
DA:22,9
DA:23,9
DA:25,0
DA:27,9
DA:33,6
DA:35,3
DA:36,3
DA:40,6
DA:42,9
DA:43,4
DA:44,4
DA:47,5
DA:58,6
LF:25
LH:24
BRDA:16,0,0,2
BRDA:16,0,1,9
BRDA:23,1,0,0
BRDA:23,1,1,9
BRDA:42,2,0,4
BRDA:42,2,1,5
BRF:6
BRH:5
end_of_record
TN:
SF:/Users/joakimstolen/Desktop/Exam_PGR6301/src/server/routes/routes.js
FNF:0
FNH:0
LF:0
LH:0
BRF:0
BRH:0
end_of_record
