TN:
SF:/Users/joakimstolen/Desktop/Exam_PGR6301/src/client/headerbar.jsx
FN:6,(anonymous_0)
FN:10,(anonymous_1)
FN:31,(anonymous_2)
FN:45,(anonymous_3)
FN:61,(anonymous_4)
FNF:5
FNH:5
FNDA:3,(anonymous_0)
FNDA:1,(anonymous_1)
FNDA:2,(anonymous_2)
FNDA:1,(anonymous_3)
FNDA:3,(anonymous_4)
DA:7,3
DA:10,3
DA:11,1
DA:15,1
DA:16,1
DA:18,0
DA:19,0
DA:22,1
DA:23,0
DA:24,0
DA:27,1
DA:28,1
DA:32,2
DA:46,1
DA:62,3
DA:65,3
DA:66,1
DA:68,2
DA:71,3
LF:19
LH:15
BRDA:22,0,0,0
BRDA:22,0,1,1
BRDA:65,1,0,1
BRDA:65,1,1,2
BRF:4
BRH:3
end_of_record
TN:
SF:/Users/joakimstolen/Desktop/Exam_PGR6301/src/client/home.jsx
FN:6,(anonymous_0)
FN:14,(anonymous_1)
FN:23,(anonymous_2)
FNF:3
FNH:3
FNDA:2,(anonymous_0)
FNDA:2,(anonymous_1)
FNDA:2,(anonymous_2)
DA:7,2
DA:9,2
DA:15,2
DA:16,1
DA:25,2
DA:27,2
LF:6
LH:6
BRDA:15,0,0,1
BRDA:15,0,1,1
BRDA:41,1,0,1
BRDA:41,1,1,1
BRF:4
BRH:4
end_of_record
TN:
SF:/Users/joakimstolen/Desktop/Exam_PGR6301/src/client/index.jsx
FN:13,(anonymous_0)
FN:21,(anonymous_1)
FN:26,(anonymous_2)
FN:31,(anonymous_3)
FN:60,(anonymous_4)
FN:64,(anonymous_5)
FN:75,(anonymous_6)
FN:85,(anonymous_7)
FN:86,(anonymous_8)
FN:91,(anonymous_9)
FNF:10
FNH:0
FNDA:0,(anonymous_0)
FNDA:0,(anonymous_1)
FNDA:0,(anonymous_2)
FNDA:0,(anonymous_3)
FNDA:0,(anonymous_4)
FNDA:0,(anonymous_5)
FNDA:0,(anonymous_6)
FNDA:0,(anonymous_7)
FNDA:0,(anonymous_8)
FNDA:0,(anonymous_9)
DA:14,0
DA:16,0
DA:22,0
DA:27,0
DA:31,0
DA:33,0
DA:37,0
DA:38,0
DA:42,0
DA:43,0
DA:46,0
DA:48,0
DA:49,0
DA:52,0
DA:55,0
DA:56,0
DA:60,0
DA:61,0
DA:65,0
DA:76,0
DA:78,0
DA:85,0
DA:86,0
DA:91,0
DA:107,0
LF:25
LH:0
BRDA:46,0,0,0
BRDA:46,0,1,0
BRDA:52,1,0,0
BRDA:52,1,1,0
BRDA:76,2,0,0
BRDA:76,2,1,0
BRF:6
BRH:0
end_of_record
TN:
SF:/Users/joakimstolen/Desktop/Exam_PGR6301/src/client/login.jsx
FN:7,(anonymous_0)
FN:17,(anonymous_1)
FN:21,(anonymous_2)
FN:25,(anonymous_3)
FN:64,(anonymous_4)
FNF:5
FNH:5
FNDA:3,(anonymous_0)
FNDA:2,(anonymous_1)
FNDA:2,(anonymous_2)
FNDA:2,(anonymous_3)
FNDA:9,(anonymous_4)
DA:8,3
DA:10,3
DA:17,3
DA:18,2
DA:21,3
DA:22,2
DA:25,3
DA:26,2
DA:28,2
DA:30,2
DA:34,2
DA:35,2
DA:43,0
DA:44,0
DA:48,2
DA:49,1
DA:50,1
DA:53,1
DA:54,0
DA:55,0
DA:58,1
DA:59,1
DA:60,1
DA:66,9
DA:67,9
DA:68,1
DA:72,9
LF:27
LH:23
BRDA:48,0,0,1
BRDA:48,0,1,1
BRDA:53,1,0,0
BRDA:53,1,1,1
BRDA:67,2,0,1
BRDA:67,2,1,8
BRF:6
BRH:5
end_of_record
TN:
SF:/Users/joakimstolen/Desktop/Exam_PGR6301/src/client/signup.jsx
FN:6,(anonymous_0)
FN:17,(anonymous_1)
FN:21,(anonymous_2)
FN:25,(anonymous_3)
FN:29,(anonymous_4)
FN:73,(anonymous_5)
FNF:6
FNH:6
FNDA:4,(anonymous_0)
FNDA:3,(anonymous_1)
FNDA:3,(anonymous_2)
FNDA:3,(anonymous_3)
FNDA:3,(anonymous_4)
FNDA:16,(anonymous_5)
DA:7,4
DA:9,4
DA:17,4
DA:18,3
DA:21,4
DA:22,3
DA:25,4
DA:26,3
DA:29,4
DA:31,3
DA:33,3
DA:34,1
DA:35,1
DA:38,2
DA:40,2
DA:44,2
DA:45,2
DA:53,0
DA:54,0
DA:58,2
DA:59,1
DA:60,1
DA:63,1
DA:64,0
DA:65,0
DA:68,1
DA:69,1
DA:70,1
DA:75,16
DA:76,16
DA:77,2
DA:80,16
DA:81,16
DA:82,5
DA:85,16
LF:35
LH:31
BRDA:33,0,0,1
BRDA:33,0,1,2
BRDA:58,1,0,1
BRDA:58,1,1,1
BRDA:63,2,0,0
BRDA:63,2,1,1
BRDA:76,3,0,2
BRDA:76,3,1,14
BRDA:81,4,0,5
BRDA:81,4,1,11
BRF:10
BRH:9
end_of_record
TN:
SF:/Users/joakimstolen/Desktop/Exam_PGR6301/src/server/app.js
FN:29,(anonymous_0)
FN:56,(anonymous_1)
FN:70,(anonymous_2)
FN:74,(anonymous_3)
FN:96,(anonymous_4)
FNF:5
FNH:3
FNDA:0,(anonymous_0)
FNDA:13,(anonymous_1)
FNDA:11,(anonymous_2)
FNDA:7,(anonymous_3)
FNDA:0,(anonymous_4)
DA:1,4
DA:2,4
DA:3,4
DA:4,4
DA:5,4
DA:6,4
DA:7,4
DA:8,4
DA:9,4
DA:10,4
DA:13,4
DA:14,4
DA:16,4
DA:18,4
DA:19,0
DA:20,0
DA:23,4
DA:26,4
DA:29,4
DA:30,0
DA:38,4
DA:45,4
DA:51,4
DA:58,13
DA:60,13
DA:61,2
DA:64,11
DA:65,11
DA:70,4
DA:71,11
DA:74,4
DA:76,7
DA:78,7
DA:79,7
DA:81,0
DA:87,4
DA:88,4
DA:92,4
DA:96,4
DA:97,0
DA:100,4
LF:41
LH:36
BRDA:18,0,0,0
BRDA:18,0,1,4
BRDA:60,1,0,2
BRDA:60,1,1,11
BRDA:78,2,0,7
BRDA:78,2,1,0
BRF:6
BRH:4
end_of_record
TN:
SF:/Users/joakimstolen/Desktop/Exam_PGR6301/src/server/server.js
FN:5,(anonymous_0)
FNF:1
FNH:0
FNDA:0,(anonymous_0)
DA:1,0
DA:3,0
DA:5,0
DA:6,0
LF:4
LH:0
BRDA:3,0,0,0
BRDA:3,0,1,0
BRF:2
BRH:0
end_of_record
TN:
SF:/Users/joakimstolen/Desktop/Exam_PGR6301/src/server/db/users.js
FN:5,getUser
FN:11,verifyUser
FN:22,createUser
FN:39,resetAllUsers
FNF:4
FNH:4
FNDA:49,getUser
FNDA:13,verifyUser
FNDA:16,createUser
FNDA:19,resetAllUsers
DA:2,4
DA:7,49
DA:13,13
DA:15,13
DA:16,2
DA:19,11
DA:24,16
DA:25,2
DA:28,14
DA:33,14
DA:34,14
DA:40,19
DA:45,4
LF:13
LH:13
BRDA:15,0,0,2
BRDA:15,0,1,11
BRDA:24,1,0,2
BRDA:24,1,1,14
BRF:4
BRH:4
end_of_record
TN:
SF:/Users/joakimstolen/Desktop/Exam_PGR6301/src/server/routes/auth-api.js
FN:7,(anonymous_0)
FN:12,(anonymous_1)
FN:21,(anonymous_2)
FN:22,(anonymous_3)
FN:33,(anonymous_4)
FN:40,(anonymous_5)
FNF:6
FNH:6
FNDA:3,(anonymous_0)
FNDA:10,(anonymous_1)
FNDA:8,(anonymous_2)
FNDA:8,(anonymous_3)
FNDA:3,(anonymous_4)
FNDA:9,(anonymous_5)
DA:1,4
DA:2,4
DA:3,4
DA:5,4
DA:7,4
DA:9,3
DA:12,4
DA:14,10
DA:16,10
DA:17,2
DA:18,2
DA:21,8
DA:22,8
DA:23,8
DA:25,0
DA:27,8
DA:33,4
DA:35,3
DA:36,3
DA:40,4
DA:42,9
DA:43,4
DA:44,4
DA:47,5
DA:57,4
LF:25
LH:24
BRDA:16,0,0,2
BRDA:16,0,1,8
BRDA:23,1,0,0
BRDA:23,1,1,8
BRDA:42,2,0,4
BRDA:42,2,1,5
BRF:6
BRH:5
end_of_record
TN:
SF:/Users/joakimstolen/Desktop/Exam_PGR6301/src/server/routes/routes.js
FN:10,(anonymous_0)
FN:24,(anonymous_1)
FN:35,(anonymous_2)
FN:41,(anonymous_3)
FN:60,(anonymous_4)
FNF:5
FNH:0
FNDA:0,(anonymous_0)
FNDA:0,(anonymous_1)
FNDA:0,(anonymous_2)
FNDA:0,(anonymous_3)
FNDA:0,(anonymous_4)
DA:1,0
DA:3,0
DA:5,0
DA:6,0
DA:10,0
DA:11,0
DA:12,0
DA:13,0
DA:16,0
DA:18,0
DA:19,0
DA:21,0
DA:24,0
DA:26,0
DA:27,0
DA:28,0
DA:35,0
DA:36,0
DA:37,0
DA:38,0
DA:41,0
DA:42,0
DA:43,0
DA:44,0
DA:45,0
DA:48,0
DA:50,0
DA:51,0
DA:53,0
DA:56,0
DA:60,0
DA:61,0
DA:62,0
DA:64,0
DA:65,0
DA:67,0
DA:70,0
DA:73,0
LF:38
LH:0
BRDA:11,0,0,0
BRDA:11,0,1,0
BRDA:42,1,0,0
BRDA:42,1,1,0
BRDA:50,2,0,0
BRDA:50,2,1,0
BRDA:64,3,0,0
BRDA:64,3,1,0
BRF:8
BRH:0
end_of_record
